[2020-03-24 01:04:53] local.ERROR: There are no commands defined in the "controller" namespace. {"exception":"[object] (Symfony\\Component\\Console\\Exception\\NamespaceNotFoundException(code: 0): There are no commands defined in the \"controller\" namespace. at /Applications/Ampps/www/php-oop/laravel-api/vendor/symfony/console/Application.php:574)
[stacktrace]
#0 /Applications/Ampps/www/php-oop/laravel-api/vendor/symfony/console/Application.php(625): Symfony\\Component\\Console\\Application->findNamespace('controller')
#1 /Applications/Ampps/www/php-oop/laravel-api/vendor/symfony/console/Application.php(228): Symfony\\Component\\Console\\Application->find('controller:make')
#2 /Applications/Ampps/www/php-oop/laravel-api/vendor/symfony/console/Application.php(140): Symfony\\Component\\Console\\Application->doRun(Object(Symfony\\Component\\Console\\Input\\ArgvInput), Object(Symfony\\Component\\Console\\Output\\ConsoleOutput))
#3 /Applications/Ampps/www/php-oop/laravel-api/vendor/laravel/framework/src/Illuminate/Console/Application.php(93): Symfony\\Component\\Console\\Application->run(Object(Symfony\\Component\\Console\\Input\\ArgvInput), Object(Symfony\\Component\\Console\\Output\\ConsoleOutput))
#4 /Applications/Ampps/www/php-oop/laravel-api/vendor/laravel/framework/src/Illuminate/Foundation/Console/Kernel.php(130): Illuminate\\Console\\Application->run(Object(Symfony\\Component\\Console\\Input\\ArgvInput), Object(Symfony\\Component\\Console\\Output\\ConsoleOutput))
#5 /Applications/Ampps/www/php-oop/laravel-api/artisan(37): Illuminate\\Foundation\\Console\\Kernel->handle(Object(Symfony\\Component\\Console\\Input\\ArgvInput), Object(Symfony\\Component\\Console\\Output\\ConsoleOutput))
#6 {main}
"} 
[2020-03-24 01:11:01] local.ERROR: There are no commands defined in the "generate" namespace. {"exception":"[object] (Symfony\\Component\\Console\\Exception\\NamespaceNotFoundException(code: 0): There are no commands defined in the \"generate\" namespace. at /Applications/Ampps/www/php-oop/laravel-api/vendor/symfony/console/Application.php:574)
[stacktrace]
#0 /Applications/Ampps/www/php-oop/laravel-api/vendor/symfony/console/Application.php(625): Symfony\\Component\\Console\\Application->findNamespace('generate')
#1 /Applications/Ampps/www/php-oop/laravel-api/vendor/symfony/console/Application.php(228): Symfony\\Component\\Console\\Application->find('generate:migrat...')
#2 /Applications/Ampps/www/php-oop/laravel-api/vendor/symfony/console/Application.php(140): Symfony\\Component\\Console\\Application->doRun(Object(Symfony\\Component\\Console\\Input\\ArgvInput), Object(Symfony\\Component\\Console\\Output\\ConsoleOutput))
#3 /Applications/Ampps/www/php-oop/laravel-api/vendor/laravel/framework/src/Illuminate/Console/Application.php(93): Symfony\\Component\\Console\\Application->run(Object(Symfony\\Component\\Console\\Input\\ArgvInput), Object(Symfony\\Component\\Console\\Output\\ConsoleOutput))
#4 /Applications/Ampps/www/php-oop/laravel-api/vendor/laravel/framework/src/Illuminate/Foundation/Console/Kernel.php(130): Illuminate\\Console\\Application->run(Object(Symfony\\Component\\Console\\Input\\ArgvInput), Object(Symfony\\Component\\Console\\Output\\ConsoleOutput))
#5 /Applications/Ampps/www/php-oop/laravel-api/artisan(37): Illuminate\\Foundation\\Console\\Kernel->handle(Object(Symfony\\Component\\Console\\Input\\ArgvInput), Object(Symfony\\Component\\Console\\Output\\ConsoleOutput))
#6 {main}
"} 
[2020-03-24 01:11:18] local.ERROR: Too many arguments, expected arguments "command" "name". {"exception":"[object] (Symfony\\Component\\Console\\Exception\\RuntimeException(code: 0): Too many arguments, expected arguments \"command\" \"name\". at /Applications/Ampps/www/php-oop/laravel-api/vendor/symfony/console/Input/ArgvInput.php:171)
[stacktrace]
#0 /Applications/Ampps/www/php-oop/laravel-api/vendor/symfony/console/Input/ArgvInput.php(82): Symfony\\Component\\Console\\Input\\ArgvInput->parseArgument('\\xE2\\x80\\x94fields\\xE2\\x80\\x9Dtit...')
#1 /Applications/Ampps/www/php-oop/laravel-api/vendor/symfony/console/Input/Input.php(55): Symfony\\Component\\Console\\Input\\ArgvInput->parse()
#2 /Applications/Ampps/www/php-oop/laravel-api/vendor/symfony/console/Command/Command.php(214): Symfony\\Component\\Console\\Input\\Input->bind(Object(Symfony\\Component\\Console\\Input\\InputDefinition))
#3 /Applications/Ampps/www/php-oop/laravel-api/vendor/laravel/framework/src/Illuminate/Console/Command.php(121): Symfony\\Component\\Console\\Command\\Command->run(Object(Symfony\\Component\\Console\\Input\\ArgvInput), Object(Illuminate\\Console\\OutputStyle))
#4 /Applications/Ampps/www/php-oop/laravel-api/vendor/symfony/console/Application.php(912): Illuminate\\Console\\Command->run(Object(Symfony\\Component\\Console\\Input\\ArgvInput), Object(Symfony\\Component\\Console\\Output\\ConsoleOutput))
#5 /Applications/Ampps/www/php-oop/laravel-api/vendor/symfony/console/Application.php(264): Symfony\\Component\\Console\\Application->doRunCommand(Object(Illuminate\\Database\\Console\\Migrations\\MigrateMakeCommand), Object(Symfony\\Component\\Console\\Input\\ArgvInput), Object(Symfony\\Component\\Console\\Output\\ConsoleOutput))
#6 /Applications/Ampps/www/php-oop/laravel-api/vendor/symfony/console/Application.php(140): Symfony\\Component\\Console\\Application->doRun(Object(Symfony\\Component\\Console\\Input\\ArgvInput), Object(Symfony\\Component\\Console\\Output\\ConsoleOutput))
#7 /Applications/Ampps/www/php-oop/laravel-api/vendor/laravel/framework/src/Illuminate/Console/Application.php(93): Symfony\\Component\\Console\\Application->run(Object(Symfony\\Component\\Console\\Input\\ArgvInput), Object(Symfony\\Component\\Console\\Output\\ConsoleOutput))
#8 /Applications/Ampps/www/php-oop/laravel-api/vendor/laravel/framework/src/Illuminate/Foundation/Console/Kernel.php(130): Illuminate\\Console\\Application->run(Object(Symfony\\Component\\Console\\Input\\ArgvInput), Object(Symfony\\Component\\Console\\Output\\ConsoleOutput))
#9 /Applications/Ampps/www/php-oop/laravel-api/artisan(37): Illuminate\\Foundation\\Console\\Kernel->handle(Object(Symfony\\Component\\Console\\Input\\ArgvInput), Object(Symfony\\Component\\Console\\Output\\ConsoleOutput))
#10 {main}
"} 
[2020-03-24 01:13:35] local.ERROR: The "--fieldstitle:string, body:text" option does not exist. {"exception":"[object] (Symfony\\Component\\Console\\Exception\\RuntimeException(code: 0): The \"--fieldstitle:string, body:text\" option does not exist. at /Applications/Ampps/www/php-oop/laravel-api/vendor/symfony/console/Input/ArgvInput.php:200)
[stacktrace]
#0 /Applications/Ampps/www/php-oop/laravel-api/vendor/symfony/console/Input/ArgvInput.php(144): Symfony\\Component\\Console\\Input\\ArgvInput->addLongOption('fieldstitle:str...', NULL)
#1 /Applications/Ampps/www/php-oop/laravel-api/vendor/symfony/console/Input/ArgvInput.php(78): Symfony\\Component\\Console\\Input\\ArgvInput->parseLongOption('--fieldstitle:s...')
#2 /Applications/Ampps/www/php-oop/laravel-api/vendor/symfony/console/Input/Input.php(55): Symfony\\Component\\Console\\Input\\ArgvInput->parse()
#3 /Applications/Ampps/www/php-oop/laravel-api/vendor/symfony/console/Command/Command.php(214): Symfony\\Component\\Console\\Input\\Input->bind(Object(Symfony\\Component\\Console\\Input\\InputDefinition))
#4 /Applications/Ampps/www/php-oop/laravel-api/vendor/laravel/framework/src/Illuminate/Console/Command.php(121): Symfony\\Component\\Console\\Command\\Command->run(Object(Symfony\\Component\\Console\\Input\\ArgvInput), Object(Illuminate\\Console\\OutputStyle))
#5 /Applications/Ampps/www/php-oop/laravel-api/vendor/symfony/console/Application.php(912): Illuminate\\Console\\Command->run(Object(Symfony\\Component\\Console\\Input\\ArgvInput), Object(Symfony\\Component\\Console\\Output\\ConsoleOutput))
#6 /Applications/Ampps/www/php-oop/laravel-api/vendor/symfony/console/Application.php(264): Symfony\\Component\\Console\\Application->doRunCommand(Object(Illuminate\\Database\\Console\\Migrations\\MigrateMakeCommand), Object(Symfony\\Component\\Console\\Input\\ArgvInput), Object(Symfony\\Component\\Console\\Output\\ConsoleOutput))
#7 /Applications/Ampps/www/php-oop/laravel-api/vendor/symfony/console/Application.php(140): Symfony\\Component\\Console\\Application->doRun(Object(Symfony\\Component\\Console\\Input\\ArgvInput), Object(Symfony\\Component\\Console\\Output\\ConsoleOutput))
#8 /Applications/Ampps/www/php-oop/laravel-api/vendor/laravel/framework/src/Illuminate/Console/Application.php(93): Symfony\\Component\\Console\\Application->run(Object(Symfony\\Component\\Console\\Input\\ArgvInput), Object(Symfony\\Component\\Console\\Output\\ConsoleOutput))
#9 /Applications/Ampps/www/php-oop/laravel-api/vendor/laravel/framework/src/Illuminate/Foundation/Console/Kernel.php(130): Illuminate\\Console\\Application->run(Object(Symfony\\Component\\Console\\Input\\ArgvInput), Object(Symfony\\Component\\Console\\Output\\ConsoleOutput))
#10 /Applications/Ampps/www/php-oop/laravel-api/artisan(37): Illuminate\\Foundation\\Console\\Kernel->handle(Object(Symfony\\Component\\Console\\Input\\ArgvInput), Object(Symfony\\Component\\Console\\Output\\ConsoleOutput))
#11 {main}
"} 
[2020-03-24 01:13:50] local.ERROR: The "--fields" option does not exist. {"exception":"[object] (Symfony\\Component\\Console\\Exception\\RuntimeException(code: 0): The \"--fields\" option does not exist. at /Applications/Ampps/www/php-oop/laravel-api/vendor/symfony/console/Input/ArgvInput.php:200)
[stacktrace]
#0 /Applications/Ampps/www/php-oop/laravel-api/vendor/symfony/console/Input/ArgvInput.php(142): Symfony\\Component\\Console\\Input\\ArgvInput->addLongOption('fields', 'title:string, b...')
#1 /Applications/Ampps/www/php-oop/laravel-api/vendor/symfony/console/Input/ArgvInput.php(78): Symfony\\Component\\Console\\Input\\ArgvInput->parseLongOption('--fields=title:...')
#2 /Applications/Ampps/www/php-oop/laravel-api/vendor/symfony/console/Input/Input.php(55): Symfony\\Component\\Console\\Input\\ArgvInput->parse()
#3 /Applications/Ampps/www/php-oop/laravel-api/vendor/symfony/console/Command/Command.php(214): Symfony\\Component\\Console\\Input\\Input->bind(Object(Symfony\\Component\\Console\\Input\\InputDefinition))
#4 /Applications/Ampps/www/php-oop/laravel-api/vendor/laravel/framework/src/Illuminate/Console/Command.php(121): Symfony\\Component\\Console\\Command\\Command->run(Object(Symfony\\Component\\Console\\Input\\ArgvInput), Object(Illuminate\\Console\\OutputStyle))
#5 /Applications/Ampps/www/php-oop/laravel-api/vendor/symfony/console/Application.php(912): Illuminate\\Console\\Command->run(Object(Symfony\\Component\\Console\\Input\\ArgvInput), Object(Symfony\\Component\\Console\\Output\\ConsoleOutput))
#6 /Applications/Ampps/www/php-oop/laravel-api/vendor/symfony/console/Application.php(264): Symfony\\Component\\Console\\Application->doRunCommand(Object(Illuminate\\Database\\Console\\Migrations\\MigrateMakeCommand), Object(Symfony\\Component\\Console\\Input\\ArgvInput), Object(Symfony\\Component\\Console\\Output\\ConsoleOutput))
#7 /Applications/Ampps/www/php-oop/laravel-api/vendor/symfony/console/Application.php(140): Symfony\\Component\\Console\\Application->doRun(Object(Symfony\\Component\\Console\\Input\\ArgvInput), Object(Symfony\\Component\\Console\\Output\\ConsoleOutput))
#8 /Applications/Ampps/www/php-oop/laravel-api/vendor/laravel/framework/src/Illuminate/Console/Application.php(93): Symfony\\Component\\Console\\Application->run(Object(Symfony\\Component\\Console\\Input\\ArgvInput), Object(Symfony\\Component\\Console\\Output\\ConsoleOutput))
#9 /Applications/Ampps/www/php-oop/laravel-api/vendor/laravel/framework/src/Illuminate/Foundation/Console/Kernel.php(130): Illuminate\\Console\\Application->run(Object(Symfony\\Component\\Console\\Input\\ArgvInput), Object(Symfony\\Component\\Console\\Output\\ConsoleOutput))
#10 /Applications/Ampps/www/php-oop/laravel-api/artisan(37): Illuminate\\Foundation\\Console\\Kernel->handle(Object(Symfony\\Component\\Console\\Input\\ArgvInput), Object(Symfony\\Component\\Console\\Output\\ConsoleOutput))
#11 {main}
"} 
[2020-03-24 01:21:31] local.ERROR: There are no commands defined in the "model" namespace. {"exception":"[object] (Symfony\\Component\\Console\\Exception\\NamespaceNotFoundException(code: 0): There are no commands defined in the \"model\" namespace. at /Applications/Ampps/www/php-oop/laravel-api/vendor/symfony/console/Application.php:574)
[stacktrace]
#0 /Applications/Ampps/www/php-oop/laravel-api/vendor/symfony/console/Application.php(625): Symfony\\Component\\Console\\Application->findNamespace('model')
#1 /Applications/Ampps/www/php-oop/laravel-api/vendor/symfony/console/Application.php(228): Symfony\\Component\\Console\\Application->find('model:make')
#2 /Applications/Ampps/www/php-oop/laravel-api/vendor/symfony/console/Application.php(140): Symfony\\Component\\Console\\Application->doRun(Object(Symfony\\Component\\Console\\Input\\ArgvInput), Object(Symfony\\Component\\Console\\Output\\ConsoleOutput))
#3 /Applications/Ampps/www/php-oop/laravel-api/vendor/laravel/framework/src/Illuminate/Console/Application.php(93): Symfony\\Component\\Console\\Application->run(Object(Symfony\\Component\\Console\\Input\\ArgvInput), Object(Symfony\\Component\\Console\\Output\\ConsoleOutput))
#4 /Applications/Ampps/www/php-oop/laravel-api/vendor/laravel/framework/src/Illuminate/Foundation/Console/Kernel.php(130): Illuminate\\Console\\Application->run(Object(Symfony\\Component\\Console\\Input\\ArgvInput), Object(Symfony\\Component\\Console\\Output\\ConsoleOutput))
#5 /Applications/Ampps/www/php-oop/laravel-api/artisan(37): Illuminate\\Foundation\\Console\\Kernel->handle(Object(Symfony\\Component\\Console\\Input\\ArgvInput), Object(Symfony\\Component\\Console\\Output\\ConsoleOutput))
#6 {main}
"} 
[2020-03-24 01:21:36] local.ERROR: Not enough arguments (missing: "name"). {"exception":"[object] (Symfony\\Component\\Console\\Exception\\RuntimeException(code: 0): Not enough arguments (missing: \"name\"). at /Applications/Ampps/www/php-oop/laravel-api/vendor/symfony/console/Input/Input.php:76)
[stacktrace]
#0 /Applications/Ampps/www/php-oop/laravel-api/vendor/symfony/console/Command/Command.php(250): Symfony\\Component\\Console\\Input\\Input->validate()
#1 /Applications/Ampps/www/php-oop/laravel-api/vendor/laravel/framework/src/Illuminate/Console/Command.php(121): Symfony\\Component\\Console\\Command\\Command->run(Object(Symfony\\Component\\Console\\Input\\ArgvInput), Object(Illuminate\\Console\\OutputStyle))
#2 /Applications/Ampps/www/php-oop/laravel-api/vendor/symfony/console/Application.php(912): Illuminate\\Console\\Command->run(Object(Symfony\\Component\\Console\\Input\\ArgvInput), Object(Symfony\\Component\\Console\\Output\\ConsoleOutput))
#3 /Applications/Ampps/www/php-oop/laravel-api/vendor/symfony/console/Application.php(264): Symfony\\Component\\Console\\Application->doRunCommand(Object(Illuminate\\Foundation\\Console\\ModelMakeCommand), Object(Symfony\\Component\\Console\\Input\\ArgvInput), Object(Symfony\\Component\\Console\\Output\\ConsoleOutput))
#4 /Applications/Ampps/www/php-oop/laravel-api/vendor/symfony/console/Application.php(140): Symfony\\Component\\Console\\Application->doRun(Object(Symfony\\Component\\Console\\Input\\ArgvInput), Object(Symfony\\Component\\Console\\Output\\ConsoleOutput))
#5 /Applications/Ampps/www/php-oop/laravel-api/vendor/laravel/framework/src/Illuminate/Console/Application.php(93): Symfony\\Component\\Console\\Application->run(Object(Symfony\\Component\\Console\\Input\\ArgvInput), Object(Symfony\\Component\\Console\\Output\\ConsoleOutput))
#6 /Applications/Ampps/www/php-oop/laravel-api/vendor/laravel/framework/src/Illuminate/Foundation/Console/Kernel.php(130): Illuminate\\Console\\Application->run(Object(Symfony\\Component\\Console\\Input\\ArgvInput), Object(Symfony\\Component\\Console\\Output\\ConsoleOutput))
#7 /Applications/Ampps/www/php-oop/laravel-api/artisan(37): Illuminate\\Foundation\\Console\\Kernel->handle(Object(Symfony\\Component\\Console\\Input\\ArgvInput), Object(Symfony\\Component\\Console\\Output\\ConsoleOutput))
#8 {main}
"} 
[2020-03-24 01:22:44] local.ERROR: Class 'Movie' not found {"exception":"[object] (Error(code: 0): Class 'Movie' not found at /Applications/Ampps/www/php-oop/laravel-api/database/seeds/DatabaseSeeder.php:16)
[stacktrace]
#0 [internal function]: DatabaseSeeder->run()
#1 /Applications/Ampps/www/php-oop/laravel-api/vendor/laravel/framework/src/Illuminate/Container/BoundMethod.php(32): call_user_func_array(Array, Array)
#2 /Applications/Ampps/www/php-oop/laravel-api/vendor/laravel/framework/src/Illuminate/Container/Util.php(36): Illuminate\\Container\\BoundMethod::Illuminate\\Container\\{closure}()
#3 /Applications/Ampps/www/php-oop/laravel-api/vendor/laravel/framework/src/Illuminate/Container/BoundMethod.php(90): Illuminate\\Container\\Util::unwrapIfClosure(Object(Closure))
#4 /Applications/Ampps/www/php-oop/laravel-api/vendor/laravel/framework/src/Illuminate/Container/BoundMethod.php(34): Illuminate\\Container\\BoundMethod::callBoundMethod(Object(Illuminate\\Foundation\\Application), Array, Object(Closure))
#5 /Applications/Ampps/www/php-oop/laravel-api/vendor/laravel/framework/src/Illuminate/Container/Container.php(592): Illuminate\\Container\\BoundMethod::call(Object(Illuminate\\Foundation\\Application), Array, Array, NULL)
#6 /Applications/Ampps/www/php-oop/laravel-api/vendor/laravel/framework/src/Illuminate/Database/Seeder.php(134): Illuminate\\Container\\Container->call(Array)
#7 /Applications/Ampps/www/php-oop/laravel-api/vendor/laravel/framework/src/Illuminate/Database/Console/Seeds/SeedCommand.php(65): Illuminate\\Database\\Seeder->__invoke()
#8 /Applications/Ampps/www/php-oop/laravel-api/vendor/laravel/framework/src/Illuminate/Database/Eloquent/Concerns/GuardsAttributes.php(122): Illuminate\\Database\\Console\\Seeds\\SeedCommand->Illuminate\\Database\\Console\\Seeds\\{closure}()
#9 /Applications/Ampps/www/php-oop/laravel-api/vendor/laravel/framework/src/Illuminate/Database/Console/Seeds/SeedCommand.php(66): Illuminate\\Database\\Eloquent\\Model::unguarded(Object(Closure))
#10 [internal function]: Illuminate\\Database\\Console\\Seeds\\SeedCommand->handle()
#11 /Applications/Ampps/www/php-oop/laravel-api/vendor/laravel/framework/src/Illuminate/Container/BoundMethod.php(32): call_user_func_array(Array, Array)
#12 /Applications/Ampps/www/php-oop/laravel-api/vendor/laravel/framework/src/Illuminate/Container/Util.php(36): Illuminate\\Container\\BoundMethod::Illuminate\\Container\\{closure}()
#13 /Applications/Ampps/www/php-oop/laravel-api/vendor/laravel/framework/src/Illuminate/Container/BoundMethod.php(90): Illuminate\\Container\\Util::unwrapIfClosure(Object(Closure))
#14 /Applications/Ampps/www/php-oop/laravel-api/vendor/laravel/framework/src/Illuminate/Container/BoundMethod.php(34): Illuminate\\Container\\BoundMethod::callBoundMethod(Object(Illuminate\\Foundation\\Application), Array, Object(Closure))
#15 /Applications/Ampps/www/php-oop/laravel-api/vendor/laravel/framework/src/Illuminate/Container/Container.php(592): Illuminate\\Container\\BoundMethod::call(Object(Illuminate\\Foundation\\Application), Array, Array, NULL)
#16 /Applications/Ampps/www/php-oop/laravel-api/vendor/laravel/framework/src/Illuminate/Console/Command.php(134): Illuminate\\Container\\Container->call(Array)
#17 /Applications/Ampps/www/php-oop/laravel-api/vendor/symfony/console/Command/Command.php(255): Illuminate\\Console\\Command->execute(Object(Symfony\\Component\\Console\\Input\\ArgvInput), Object(Illuminate\\Console\\OutputStyle))
#18 /Applications/Ampps/www/php-oop/laravel-api/vendor/laravel/framework/src/Illuminate/Console/Command.php(121): Symfony\\Component\\Console\\Command\\Command->run(Object(Symfony\\Component\\Console\\Input\\ArgvInput), Object(Illuminate\\Console\\OutputStyle))
#19 /Applications/Ampps/www/php-oop/laravel-api/vendor/symfony/console/Application.php(912): Illuminate\\Console\\Command->run(Object(Symfony\\Component\\Console\\Input\\ArgvInput), Object(Symfony\\Component\\Console\\Output\\ConsoleOutput))
#20 /Applications/Ampps/www/php-oop/laravel-api/vendor/symfony/console/Application.php(264): Symfony\\Component\\Console\\Application->doRunCommand(Object(Illuminate\\Database\\Console\\Seeds\\SeedCommand), Object(Symfony\\Component\\Console\\Input\\ArgvInput), Object(Symfony\\Component\\Console\\Output\\ConsoleOutput))
#21 /Applications/Ampps/www/php-oop/laravel-api/vendor/symfony/console/Application.php(140): Symfony\\Component\\Console\\Application->doRun(Object(Symfony\\Component\\Console\\Input\\ArgvInput), Object(Symfony\\Component\\Console\\Output\\ConsoleOutput))
#22 /Applications/Ampps/www/php-oop/laravel-api/vendor/laravel/framework/src/Illuminate/Console/Application.php(93): Symfony\\Component\\Console\\Application->run(Object(Symfony\\Component\\Console\\Input\\ArgvInput), Object(Symfony\\Component\\Console\\Output\\ConsoleOutput))
#23 /Applications/Ampps/www/php-oop/laravel-api/vendor/laravel/framework/src/Illuminate/Foundation/Console/Kernel.php(130): Illuminate\\Console\\Application->run(Object(Symfony\\Component\\Console\\Input\\ArgvInput), Object(Symfony\\Component\\Console\\Output\\ConsoleOutput))
#24 /Applications/Ampps/www/php-oop/laravel-api/artisan(37): Illuminate\\Foundation\\Console\\Kernel->handle(Object(Symfony\\Component\\Console\\Input\\ArgvInput), Object(Symfony\\Component\\Console\\Output\\ConsoleOutput))
#25 {main}
"} 
[2020-03-24 01:23:08] local.ERROR: Target class [MoviesTableSeeder] does not exist. {"exception":"[object] (Illuminate\\Contracts\\Container\\BindingResolutionException(code: 0): Target class [MoviesTableSeeder] does not exist. at /Applications/Ampps/www/php-oop/laravel-api/vendor/laravel/framework/src/Illuminate/Container/Container.php:809)
[stacktrace]
#0 /Applications/Ampps/www/php-oop/laravel-api/vendor/laravel/framework/src/Illuminate/Container/Container.php(685): Illuminate\\Container\\Container->build('MoviesTableSeed...')
#1 /Applications/Ampps/www/php-oop/laravel-api/vendor/laravel/framework/src/Illuminate/Foundation/Application.php(794): Illuminate\\Container\\Container->resolve('MoviesTableSeed...', Array, true)
#2 /Applications/Ampps/www/php-oop/laravel-api/vendor/laravel/framework/src/Illuminate/Container/Container.php(633): Illuminate\\Foundation\\Application->resolve('MoviesTableSeed...', Array)
#3 /Applications/Ampps/www/php-oop/laravel-api/vendor/laravel/framework/src/Illuminate/Foundation/Application.php(779): Illuminate\\Container\\Container->make('MoviesTableSeed...', Array)
#4 /Applications/Ampps/www/php-oop/laravel-api/vendor/laravel/framework/src/Illuminate/Database/Seeder.php(80): Illuminate\\Foundation\\Application->make('MoviesTableSeed...')
#5 /Applications/Ampps/www/php-oop/laravel-api/vendor/laravel/framework/src/Illuminate/Database/Seeder.php(38): Illuminate\\Database\\Seeder->resolve('MoviesTableSeed...')
#6 /Applications/Ampps/www/php-oop/laravel-api/database/seeds/DatabaseSeeder.php(19): Illuminate\\Database\\Seeder->call('MoviesTableSeed...')
#7 [internal function]: DatabaseSeeder->run()
#8 /Applications/Ampps/www/php-oop/laravel-api/vendor/laravel/framework/src/Illuminate/Container/BoundMethod.php(32): call_user_func_array(Array, Array)
#9 /Applications/Ampps/www/php-oop/laravel-api/vendor/laravel/framework/src/Illuminate/Container/Util.php(36): Illuminate\\Container\\BoundMethod::Illuminate\\Container\\{closure}()
#10 /Applications/Ampps/www/php-oop/laravel-api/vendor/laravel/framework/src/Illuminate/Container/BoundMethod.php(90): Illuminate\\Container\\Util::unwrapIfClosure(Object(Closure))
#11 /Applications/Ampps/www/php-oop/laravel-api/vendor/laravel/framework/src/Illuminate/Container/BoundMethod.php(34): Illuminate\\Container\\BoundMethod::callBoundMethod(Object(Illuminate\\Foundation\\Application), Array, Object(Closure))
#12 /Applications/Ampps/www/php-oop/laravel-api/vendor/laravel/framework/src/Illuminate/Container/Container.php(592): Illuminate\\Container\\BoundMethod::call(Object(Illuminate\\Foundation\\Application), Array, Array, NULL)
#13 /Applications/Ampps/www/php-oop/laravel-api/vendor/laravel/framework/src/Illuminate/Database/Seeder.php(134): Illuminate\\Container\\Container->call(Array)
#14 /Applications/Ampps/www/php-oop/laravel-api/vendor/laravel/framework/src/Illuminate/Database/Console/Seeds/SeedCommand.php(65): Illuminate\\Database\\Seeder->__invoke()
#15 /Applications/Ampps/www/php-oop/laravel-api/vendor/laravel/framework/src/Illuminate/Database/Eloquent/Concerns/GuardsAttributes.php(122): Illuminate\\Database\\Console\\Seeds\\SeedCommand->Illuminate\\Database\\Console\\Seeds\\{closure}()
#16 /Applications/Ampps/www/php-oop/laravel-api/vendor/laravel/framework/src/Illuminate/Database/Console/Seeds/SeedCommand.php(66): Illuminate\\Database\\Eloquent\\Model::unguarded(Object(Closure))
#17 [internal function]: Illuminate\\Database\\Console\\Seeds\\SeedCommand->handle()
#18 /Applications/Ampps/www/php-oop/laravel-api/vendor/laravel/framework/src/Illuminate/Container/BoundMethod.php(32): call_user_func_array(Array, Array)
#19 /Applications/Ampps/www/php-oop/laravel-api/vendor/laravel/framework/src/Illuminate/Container/Util.php(36): Illuminate\\Container\\BoundMethod::Illuminate\\Container\\{closure}()
#20 /Applications/Ampps/www/php-oop/laravel-api/vendor/laravel/framework/src/Illuminate/Container/BoundMethod.php(90): Illuminate\\Container\\Util::unwrapIfClosure(Object(Closure))
#21 /Applications/Ampps/www/php-oop/laravel-api/vendor/laravel/framework/src/Illuminate/Container/BoundMethod.php(34): Illuminate\\Container\\BoundMethod::callBoundMethod(Object(Illuminate\\Foundation\\Application), Array, Object(Closure))
#22 /Applications/Ampps/www/php-oop/laravel-api/vendor/laravel/framework/src/Illuminate/Container/Container.php(592): Illuminate\\Container\\BoundMethod::call(Object(Illuminate\\Foundation\\Application), Array, Array, NULL)
#23 /Applications/Ampps/www/php-oop/laravel-api/vendor/laravel/framework/src/Illuminate/Console/Command.php(134): Illuminate\\Container\\Container->call(Array)
#24 /Applications/Ampps/www/php-oop/laravel-api/vendor/symfony/console/Command/Command.php(255): Illuminate\\Console\\Command->execute(Object(Symfony\\Component\\Console\\Input\\ArgvInput), Object(Illuminate\\Console\\OutputStyle))
#25 /Applications/Ampps/www/php-oop/laravel-api/vendor/laravel/framework/src/Illuminate/Console/Command.php(121): Symfony\\Component\\Console\\Command\\Command->run(Object(Symfony\\Component\\Console\\Input\\ArgvInput), Object(Illuminate\\Console\\OutputStyle))
#26 /Applications/Ampps/www/php-oop/laravel-api/vendor/symfony/console/Application.php(912): Illuminate\\Console\\Command->run(Object(Symfony\\Component\\Console\\Input\\ArgvInput), Object(Symfony\\Component\\Console\\Output\\ConsoleOutput))
#27 /Applications/Ampps/www/php-oop/laravel-api/vendor/symfony/console/Application.php(264): Symfony\\Component\\Console\\Application->doRunCommand(Object(Illuminate\\Database\\Console\\Seeds\\SeedCommand), Object(Symfony\\Component\\Console\\Input\\ArgvInput), Object(Symfony\\Component\\Console\\Output\\ConsoleOutput))
#28 /Applications/Ampps/www/php-oop/laravel-api/vendor/symfony/console/Application.php(140): Symfony\\Component\\Console\\Application->doRun(Object(Symfony\\Component\\Console\\Input\\ArgvInput), Object(Symfony\\Component\\Console\\Output\\ConsoleOutput))
#29 /Applications/Ampps/www/php-oop/laravel-api/vendor/laravel/framework/src/Illuminate/Console/Application.php(93): Symfony\\Component\\Console\\Application->run(Object(Symfony\\Component\\Console\\Input\\ArgvInput), Object(Symfony\\Component\\Console\\Output\\ConsoleOutput))
#30 /Applications/Ampps/www/php-oop/laravel-api/vendor/laravel/framework/src/Illuminate/Foundation/Console/Kernel.php(130): Illuminate\\Console\\Application->run(Object(Symfony\\Component\\Console\\Input\\ArgvInput), Object(Symfony\\Component\\Console\\Output\\ConsoleOutput))
#31 /Applications/Ampps/www/php-oop/laravel-api/artisan(37): Illuminate\\Foundation\\Console\\Kernel->handle(Object(Symfony\\Component\\Console\\Input\\ArgvInput), Object(Symfony\\Component\\Console\\Output\\ConsoleOutput))
#32 {main}

[previous exception] [object] (ReflectionException(code: -1): Class MoviesTableSeeder does not exist at /Applications/Ampps/www/php-oop/laravel-api/vendor/laravel/framework/src/Illuminate/Container/Container.php:807)
[stacktrace]
#0 /Applications/Ampps/www/php-oop/laravel-api/vendor/laravel/framework/src/Illuminate/Container/Container.php(807): ReflectionClass->__construct('MoviesTableSeed...')
#1 /Applications/Ampps/www/php-oop/laravel-api/vendor/laravel/framework/src/Illuminate/Container/Container.php(685): Illuminate\\Container\\Container->build('MoviesTableSeed...')
#2 /Applications/Ampps/www/php-oop/laravel-api/vendor/laravel/framework/src/Illuminate/Foundation/Application.php(794): Illuminate\\Container\\Container->resolve('MoviesTableSeed...', Array, true)
#3 /Applications/Ampps/www/php-oop/laravel-api/vendor/laravel/framework/src/Illuminate/Container/Container.php(633): Illuminate\\Foundation\\Application->resolve('MoviesTableSeed...', Array)
#4 /Applications/Ampps/www/php-oop/laravel-api/vendor/laravel/framework/src/Illuminate/Foundation/Application.php(779): Illuminate\\Container\\Container->make('MoviesTableSeed...', Array)
#5 /Applications/Ampps/www/php-oop/laravel-api/vendor/laravel/framework/src/Illuminate/Database/Seeder.php(80): Illuminate\\Foundation\\Application->make('MoviesTableSeed...')
#6 /Applications/Ampps/www/php-oop/laravel-api/vendor/laravel/framework/src/Illuminate/Database/Seeder.php(38): Illuminate\\Database\\Seeder->resolve('MoviesTableSeed...')
#7 /Applications/Ampps/www/php-oop/laravel-api/database/seeds/DatabaseSeeder.php(19): Illuminate\\Database\\Seeder->call('MoviesTableSeed...')
#8 [internal function]: DatabaseSeeder->run()
#9 /Applications/Ampps/www/php-oop/laravel-api/vendor/laravel/framework/src/Illuminate/Container/BoundMethod.php(32): call_user_func_array(Array, Array)
#10 /Applications/Ampps/www/php-oop/laravel-api/vendor/laravel/framework/src/Illuminate/Container/Util.php(36): Illuminate\\Container\\BoundMethod::Illuminate\\Container\\{closure}()
#11 /Applications/Ampps/www/php-oop/laravel-api/vendor/laravel/framework/src/Illuminate/Container/BoundMethod.php(90): Illuminate\\Container\\Util::unwrapIfClosure(Object(Closure))
#12 /Applications/Ampps/www/php-oop/laravel-api/vendor/laravel/framework/src/Illuminate/Container/BoundMethod.php(34): Illuminate\\Container\\BoundMethod::callBoundMethod(Object(Illuminate\\Foundation\\Application), Array, Object(Closure))
#13 /Applications/Ampps/www/php-oop/laravel-api/vendor/laravel/framework/src/Illuminate/Container/Container.php(592): Illuminate\\Container\\BoundMethod::call(Object(Illuminate\\Foundation\\Application), Array, Array, NULL)
#14 /Applications/Ampps/www/php-oop/laravel-api/vendor/laravel/framework/src/Illuminate/Database/Seeder.php(134): Illuminate\\Container\\Container->call(Array)
#15 /Applications/Ampps/www/php-oop/laravel-api/vendor/laravel/framework/src/Illuminate/Database/Console/Seeds/SeedCommand.php(65): Illuminate\\Database\\Seeder->__invoke()
#16 /Applications/Ampps/www/php-oop/laravel-api/vendor/laravel/framework/src/Illuminate/Database/Eloquent/Concerns/GuardsAttributes.php(122): Illuminate\\Database\\Console\\Seeds\\SeedCommand->Illuminate\\Database\\Console\\Seeds\\{closure}()
#17 /Applications/Ampps/www/php-oop/laravel-api/vendor/laravel/framework/src/Illuminate/Database/Console/Seeds/SeedCommand.php(66): Illuminate\\Database\\Eloquent\\Model::unguarded(Object(Closure))
#18 [internal function]: Illuminate\\Database\\Console\\Seeds\\SeedCommand->handle()
#19 /Applications/Ampps/www/php-oop/laravel-api/vendor/laravel/framework/src/Illuminate/Container/BoundMethod.php(32): call_user_func_array(Array, Array)
#20 /Applications/Ampps/www/php-oop/laravel-api/vendor/laravel/framework/src/Illuminate/Container/Util.php(36): Illuminate\\Container\\BoundMethod::Illuminate\\Container\\{closure}()
#21 /Applications/Ampps/www/php-oop/laravel-api/vendor/laravel/framework/src/Illuminate/Container/BoundMethod.php(90): Illuminate\\Container\\Util::unwrapIfClosure(Object(Closure))
#22 /Applications/Ampps/www/php-oop/laravel-api/vendor/laravel/framework/src/Illuminate/Container/BoundMethod.php(34): Illuminate\\Container\\BoundMethod::callBoundMethod(Object(Illuminate\\Foundation\\Application), Array, Object(Closure))
#23 /Applications/Ampps/www/php-oop/laravel-api/vendor/laravel/framework/src/Illuminate/Container/Container.php(592): Illuminate\\Container\\BoundMethod::call(Object(Illuminate\\Foundation\\Application), Array, Array, NULL)
#24 /Applications/Ampps/www/php-oop/laravel-api/vendor/laravel/framework/src/Illuminate/Console/Command.php(134): Illuminate\\Container\\Container->call(Array)
#25 /Applications/Ampps/www/php-oop/laravel-api/vendor/symfony/console/Command/Command.php(255): Illuminate\\Console\\Command->execute(Object(Symfony\\Component\\Console\\Input\\ArgvInput), Object(Illuminate\\Console\\OutputStyle))
#26 /Applications/Ampps/www/php-oop/laravel-api/vendor/laravel/framework/src/Illuminate/Console/Command.php(121): Symfony\\Component\\Console\\Command\\Command->run(Object(Symfony\\Component\\Console\\Input\\ArgvInput), Object(Illuminate\\Console\\OutputStyle))
#27 /Applications/Ampps/www/php-oop/laravel-api/vendor/symfony/console/Application.php(912): Illuminate\\Console\\Command->run(Object(Symfony\\Component\\Console\\Input\\ArgvInput), Object(Symfony\\Component\\Console\\Output\\ConsoleOutput))
#28 /Applications/Ampps/www/php-oop/laravel-api/vendor/symfony/console/Application.php(264): Symfony\\Component\\Console\\Application->doRunCommand(Object(Illuminate\\Database\\Console\\Seeds\\SeedCommand), Object(Symfony\\Component\\Console\\Input\\ArgvInput), Object(Symfony\\Component\\Console\\Output\\ConsoleOutput))
#29 /Applications/Ampps/www/php-oop/laravel-api/vendor/symfony/console/Application.php(140): Symfony\\Component\\Console\\Application->doRun(Object(Symfony\\Component\\Console\\Input\\ArgvInput), Object(Symfony\\Component\\Console\\Output\\ConsoleOutput))
#30 /Applications/Ampps/www/php-oop/laravel-api/vendor/laravel/framework/src/Illuminate/Console/Application.php(93): Symfony\\Component\\Console\\Application->run(Object(Symfony\\Component\\Console\\Input\\ArgvInput), Object(Symfony\\Component\\Console\\Output\\ConsoleOutput))
#31 /Applications/Ampps/www/php-oop/laravel-api/vendor/laravel/framework/src/Illuminate/Foundation/Console/Kernel.php(130): Illuminate\\Console\\Application->run(Object(Symfony\\Component\\Console\\Input\\ArgvInput), Object(Symfony\\Component\\Console\\Output\\ConsoleOutput))
#32 /Applications/Ampps/www/php-oop/laravel-api/artisan(37): Illuminate\\Foundation\\Console\\Kernel->handle(Object(Symfony\\Component\\Console\\Input\\ArgvInput), Object(Symfony\\Component\\Console\\Output\\ConsoleOutput))
#33 {main}
"} 
[2020-03-24 01:23:27] local.ERROR: Target class [MoviesTableSeeder] does not exist. {"exception":"[object] (Illuminate\\Contracts\\Container\\BindingResolutionException(code: 0): Target class [MoviesTableSeeder] does not exist. at /Applications/Ampps/www/php-oop/laravel-api/vendor/laravel/framework/src/Illuminate/Container/Container.php:809)
[stacktrace]
#0 /Applications/Ampps/www/php-oop/laravel-api/vendor/laravel/framework/src/Illuminate/Container/Container.php(685): Illuminate\\Container\\Container->build('MoviesTableSeed...')
#1 /Applications/Ampps/www/php-oop/laravel-api/vendor/laravel/framework/src/Illuminate/Foundation/Application.php(794): Illuminate\\Container\\Container->resolve('MoviesTableSeed...', Array, true)
#2 /Applications/Ampps/www/php-oop/laravel-api/vendor/laravel/framework/src/Illuminate/Container/Container.php(633): Illuminate\\Foundation\\Application->resolve('MoviesTableSeed...', Array)
#3 /Applications/Ampps/www/php-oop/laravel-api/vendor/laravel/framework/src/Illuminate/Foundation/Application.php(779): Illuminate\\Container\\Container->make('MoviesTableSeed...', Array)
#4 /Applications/Ampps/www/php-oop/laravel-api/vendor/laravel/framework/src/Illuminate/Database/Seeder.php(80): Illuminate\\Foundation\\Application->make('MoviesTableSeed...')
#5 /Applications/Ampps/www/php-oop/laravel-api/vendor/laravel/framework/src/Illuminate/Database/Seeder.php(38): Illuminate\\Database\\Seeder->resolve('MoviesTableSeed...')
#6 /Applications/Ampps/www/php-oop/laravel-api/database/seeds/DatabaseSeeder.php(19): Illuminate\\Database\\Seeder->call('MoviesTableSeed...')
#7 [internal function]: DatabaseSeeder->run()
#8 /Applications/Ampps/www/php-oop/laravel-api/vendor/laravel/framework/src/Illuminate/Container/BoundMethod.php(32): call_user_func_array(Array, Array)
#9 /Applications/Ampps/www/php-oop/laravel-api/vendor/laravel/framework/src/Illuminate/Container/Util.php(36): Illuminate\\Container\\BoundMethod::Illuminate\\Container\\{closure}()
#10 /Applications/Ampps/www/php-oop/laravel-api/vendor/laravel/framework/src/Illuminate/Container/BoundMethod.php(90): Illuminate\\Container\\Util::unwrapIfClosure(Object(Closure))
#11 /Applications/Ampps/www/php-oop/laravel-api/vendor/laravel/framework/src/Illuminate/Container/BoundMethod.php(34): Illuminate\\Container\\BoundMethod::callBoundMethod(Object(Illuminate\\Foundation\\Application), Array, Object(Closure))
#12 /Applications/Ampps/www/php-oop/laravel-api/vendor/laravel/framework/src/Illuminate/Container/Container.php(592): Illuminate\\Container\\BoundMethod::call(Object(Illuminate\\Foundation\\Application), Array, Array, NULL)
#13 /Applications/Ampps/www/php-oop/laravel-api/vendor/laravel/framework/src/Illuminate/Database/Seeder.php(134): Illuminate\\Container\\Container->call(Array)
#14 /Applications/Ampps/www/php-oop/laravel-api/vendor/laravel/framework/src/Illuminate/Database/Console/Seeds/SeedCommand.php(65): Illuminate\\Database\\Seeder->__invoke()
#15 /Applications/Ampps/www/php-oop/laravel-api/vendor/laravel/framework/src/Illuminate/Database/Eloquent/Concerns/GuardsAttributes.php(122): Illuminate\\Database\\Console\\Seeds\\SeedCommand->Illuminate\\Database\\Console\\Seeds\\{closure}()
#16 /Applications/Ampps/www/php-oop/laravel-api/vendor/laravel/framework/src/Illuminate/Database/Console/Seeds/SeedCommand.php(66): Illuminate\\Database\\Eloquent\\Model::unguarded(Object(Closure))
#17 [internal function]: Illuminate\\Database\\Console\\Seeds\\SeedCommand->handle()
#18 /Applications/Ampps/www/php-oop/laravel-api/vendor/laravel/framework/src/Illuminate/Container/BoundMethod.php(32): call_user_func_array(Array, Array)
#19 /Applications/Ampps/www/php-oop/laravel-api/vendor/laravel/framework/src/Illuminate/Container/Util.php(36): Illuminate\\Container\\BoundMethod::Illuminate\\Container\\{closure}()
#20 /Applications/Ampps/www/php-oop/laravel-api/vendor/laravel/framework/src/Illuminate/Container/BoundMethod.php(90): Illuminate\\Container\\Util::unwrapIfClosure(Object(Closure))
#21 /Applications/Ampps/www/php-oop/laravel-api/vendor/laravel/framework/src/Illuminate/Container/BoundMethod.php(34): Illuminate\\Container\\BoundMethod::callBoundMethod(Object(Illuminate\\Foundation\\Application), Array, Object(Closure))
#22 /Applications/Ampps/www/php-oop/laravel-api/vendor/laravel/framework/src/Illuminate/Container/Container.php(592): Illuminate\\Container\\BoundMethod::call(Object(Illuminate\\Foundation\\Application), Array, Array, NULL)
#23 /Applications/Ampps/www/php-oop/laravel-api/vendor/laravel/framework/src/Illuminate/Console/Command.php(134): Illuminate\\Container\\Container->call(Array)
#24 /Applications/Ampps/www/php-oop/laravel-api/vendor/symfony/console/Command/Command.php(255): Illuminate\\Console\\Command->execute(Object(Symfony\\Component\\Console\\Input\\ArgvInput), Object(Illuminate\\Console\\OutputStyle))
#25 /Applications/Ampps/www/php-oop/laravel-api/vendor/laravel/framework/src/Illuminate/Console/Command.php(121): Symfony\\Component\\Console\\Command\\Command->run(Object(Symfony\\Component\\Console\\Input\\ArgvInput), Object(Illuminate\\Console\\OutputStyle))
#26 /Applications/Ampps/www/php-oop/laravel-api/vendor/symfony/console/Application.php(912): Illuminate\\Console\\Command->run(Object(Symfony\\Component\\Console\\Input\\ArgvInput), Object(Symfony\\Component\\Console\\Output\\ConsoleOutput))
#27 /Applications/Ampps/www/php-oop/laravel-api/vendor/symfony/console/Application.php(264): Symfony\\Component\\Console\\Application->doRunCommand(Object(Illuminate\\Database\\Console\\Seeds\\SeedCommand), Object(Symfony\\Component\\Console\\Input\\ArgvInput), Object(Symfony\\Component\\Console\\Output\\ConsoleOutput))
#28 /Applications/Ampps/www/php-oop/laravel-api/vendor/symfony/console/Application.php(140): Symfony\\Component\\Console\\Application->doRun(Object(Symfony\\Component\\Console\\Input\\ArgvInput), Object(Symfony\\Component\\Console\\Output\\ConsoleOutput))
#29 /Applications/Ampps/www/php-oop/laravel-api/vendor/laravel/framework/src/Illuminate/Console/Application.php(93): Symfony\\Component\\Console\\Application->run(Object(Symfony\\Component\\Console\\Input\\ArgvInput), Object(Symfony\\Component\\Console\\Output\\ConsoleOutput))
#30 /Applications/Ampps/www/php-oop/laravel-api/vendor/laravel/framework/src/Illuminate/Foundation/Console/Kernel.php(130): Illuminate\\Console\\Application->run(Object(Symfony\\Component\\Console\\Input\\ArgvInput), Object(Symfony\\Component\\Console\\Output\\ConsoleOutput))
#31 /Applications/Ampps/www/php-oop/laravel-api/artisan(37): Illuminate\\Foundation\\Console\\Kernel->handle(Object(Symfony\\Component\\Console\\Input\\ArgvInput), Object(Symfony\\Component\\Console\\Output\\ConsoleOutput))
#32 {main}

[previous exception] [object] (ReflectionException(code: -1): Class MoviesTableSeeder does not exist at /Applications/Ampps/www/php-oop/laravel-api/vendor/laravel/framework/src/Illuminate/Container/Container.php:807)
[stacktrace]
#0 /Applications/Ampps/www/php-oop/laravel-api/vendor/laravel/framework/src/Illuminate/Container/Container.php(807): ReflectionClass->__construct('MoviesTableSeed...')
#1 /Applications/Ampps/www/php-oop/laravel-api/vendor/laravel/framework/src/Illuminate/Container/Container.php(685): Illuminate\\Container\\Container->build('MoviesTableSeed...')
#2 /Applications/Ampps/www/php-oop/laravel-api/vendor/laravel/framework/src/Illuminate/Foundation/Application.php(794): Illuminate\\Container\\Container->resolve('MoviesTableSeed...', Array, true)
#3 /Applications/Ampps/www/php-oop/laravel-api/vendor/laravel/framework/src/Illuminate/Container/Container.php(633): Illuminate\\Foundation\\Application->resolve('MoviesTableSeed...', Array)
#4 /Applications/Ampps/www/php-oop/laravel-api/vendor/laravel/framework/src/Illuminate/Foundation/Application.php(779): Illuminate\\Container\\Container->make('MoviesTableSeed...', Array)
#5 /Applications/Ampps/www/php-oop/laravel-api/vendor/laravel/framework/src/Illuminate/Database/Seeder.php(80): Illuminate\\Foundation\\Application->make('MoviesTableSeed...')
#6 /Applications/Ampps/www/php-oop/laravel-api/vendor/laravel/framework/src/Illuminate/Database/Seeder.php(38): Illuminate\\Database\\Seeder->resolve('MoviesTableSeed...')
#7 /Applications/Ampps/www/php-oop/laravel-api/database/seeds/DatabaseSeeder.php(19): Illuminate\\Database\\Seeder->call('MoviesTableSeed...')
#8 [internal function]: DatabaseSeeder->run()
#9 /Applications/Ampps/www/php-oop/laravel-api/vendor/laravel/framework/src/Illuminate/Container/BoundMethod.php(32): call_user_func_array(Array, Array)
#10 /Applications/Ampps/www/php-oop/laravel-api/vendor/laravel/framework/src/Illuminate/Container/Util.php(36): Illuminate\\Container\\BoundMethod::Illuminate\\Container\\{closure}()
#11 /Applications/Ampps/www/php-oop/laravel-api/vendor/laravel/framework/src/Illuminate/Container/BoundMethod.php(90): Illuminate\\Container\\Util::unwrapIfClosure(Object(Closure))
#12 /Applications/Ampps/www/php-oop/laravel-api/vendor/laravel/framework/src/Illuminate/Container/BoundMethod.php(34): Illuminate\\Container\\BoundMethod::callBoundMethod(Object(Illuminate\\Foundation\\Application), Array, Object(Closure))
#13 /Applications/Ampps/www/php-oop/laravel-api/vendor/laravel/framework/src/Illuminate/Container/Container.php(592): Illuminate\\Container\\BoundMethod::call(Object(Illuminate\\Foundation\\Application), Array, Array, NULL)
#14 /Applications/Ampps/www/php-oop/laravel-api/vendor/laravel/framework/src/Illuminate/Database/Seeder.php(134): Illuminate\\Container\\Container->call(Array)
#15 /Applications/Ampps/www/php-oop/laravel-api/vendor/laravel/framework/src/Illuminate/Database/Console/Seeds/SeedCommand.php(65): Illuminate\\Database\\Seeder->__invoke()
#16 /Applications/Ampps/www/php-oop/laravel-api/vendor/laravel/framework/src/Illuminate/Database/Eloquent/Concerns/GuardsAttributes.php(122): Illuminate\\Database\\Console\\Seeds\\SeedCommand->Illuminate\\Database\\Console\\Seeds\\{closure}()
#17 /Applications/Ampps/www/php-oop/laravel-api/vendor/laravel/framework/src/Illuminate/Database/Console/Seeds/SeedCommand.php(66): Illuminate\\Database\\Eloquent\\Model::unguarded(Object(Closure))
#18 [internal function]: Illuminate\\Database\\Console\\Seeds\\SeedCommand->handle()
#19 /Applications/Ampps/www/php-oop/laravel-api/vendor/laravel/framework/src/Illuminate/Container/BoundMethod.php(32): call_user_func_array(Array, Array)
#20 /Applications/Ampps/www/php-oop/laravel-api/vendor/laravel/framework/src/Illuminate/Container/Util.php(36): Illuminate\\Container\\BoundMethod::Illuminate\\Container\\{closure}()
#21 /Applications/Ampps/www/php-oop/laravel-api/vendor/laravel/framework/src/Illuminate/Container/BoundMethod.php(90): Illuminate\\Container\\Util::unwrapIfClosure(Object(Closure))
#22 /Applications/Ampps/www/php-oop/laravel-api/vendor/laravel/framework/src/Illuminate/Container/BoundMethod.php(34): Illuminate\\Container\\BoundMethod::callBoundMethod(Object(Illuminate\\Foundation\\Application), Array, Object(Closure))
#23 /Applications/Ampps/www/php-oop/laravel-api/vendor/laravel/framework/src/Illuminate/Container/Container.php(592): Illuminate\\Container\\BoundMethod::call(Object(Illuminate\\Foundation\\Application), Array, Array, NULL)
#24 /Applications/Ampps/www/php-oop/laravel-api/vendor/laravel/framework/src/Illuminate/Console/Command.php(134): Illuminate\\Container\\Container->call(Array)
#25 /Applications/Ampps/www/php-oop/laravel-api/vendor/symfony/console/Command/Command.php(255): Illuminate\\Console\\Command->execute(Object(Symfony\\Component\\Console\\Input\\ArgvInput), Object(Illuminate\\Console\\OutputStyle))
#26 /Applications/Ampps/www/php-oop/laravel-api/vendor/laravel/framework/src/Illuminate/Console/Command.php(121): Symfony\\Component\\Console\\Command\\Command->run(Object(Symfony\\Component\\Console\\Input\\ArgvInput), Object(Illuminate\\Console\\OutputStyle))
#27 /Applications/Ampps/www/php-oop/laravel-api/vendor/symfony/console/Application.php(912): Illuminate\\Console\\Command->run(Object(Symfony\\Component\\Console\\Input\\ArgvInput), Object(Symfony\\Component\\Console\\Output\\ConsoleOutput))
#28 /Applications/Ampps/www/php-oop/laravel-api/vendor/symfony/console/Application.php(264): Symfony\\Component\\Console\\Application->doRunCommand(Object(Illuminate\\Database\\Console\\Seeds\\SeedCommand), Object(Symfony\\Component\\Console\\Input\\ArgvInput), Object(Symfony\\Component\\Console\\Output\\ConsoleOutput))
#29 /Applications/Ampps/www/php-oop/laravel-api/vendor/symfony/console/Application.php(140): Symfony\\Component\\Console\\Application->doRun(Object(Symfony\\Component\\Console\\Input\\ArgvInput), Object(Symfony\\Component\\Console\\Output\\ConsoleOutput))
#30 /Applications/Ampps/www/php-oop/laravel-api/vendor/laravel/framework/src/Illuminate/Console/Application.php(93): Symfony\\Component\\Console\\Application->run(Object(Symfony\\Component\\Console\\Input\\ArgvInput), Object(Symfony\\Component\\Console\\Output\\ConsoleOutput))
#31 /Applications/Ampps/www/php-oop/laravel-api/vendor/laravel/framework/src/Illuminate/Foundation/Console/Kernel.php(130): Illuminate\\Console\\Application->run(Object(Symfony\\Component\\Console\\Input\\ArgvInput), Object(Symfony\\Component\\Console\\Output\\ConsoleOutput))
#32 /Applications/Ampps/www/php-oop/laravel-api/artisan(37): Illuminate\\Foundation\\Console\\Kernel->handle(Object(Symfony\\Component\\Console\\Input\\ArgvInput), Object(Symfony\\Component\\Console\\Output\\ConsoleOutput))
#33 {main}
"} 
[2020-03-24 01:27:57] local.ERROR: Class 'Faker' not found {"exception":"[object] (Error(code: 0): Class 'Faker' not found at /Applications/Ampps/www/php-oop/laravel-api/database/seeds/MoviesTableSeeder.php:14)
[stacktrace]
#0 [internal function]: MoviesTableSeeder->run()
#1 /Applications/Ampps/www/php-oop/laravel-api/vendor/laravel/framework/src/Illuminate/Container/BoundMethod.php(32): call_user_func_array(Array, Array)
#2 /Applications/Ampps/www/php-oop/laravel-api/vendor/laravel/framework/src/Illuminate/Container/Util.php(36): Illuminate\\Container\\BoundMethod::Illuminate\\Container\\{closure}()
#3 /Applications/Ampps/www/php-oop/laravel-api/vendor/laravel/framework/src/Illuminate/Container/BoundMethod.php(90): Illuminate\\Container\\Util::unwrapIfClosure(Object(Closure))
#4 /Applications/Ampps/www/php-oop/laravel-api/vendor/laravel/framework/src/Illuminate/Container/BoundMethod.php(34): Illuminate\\Container\\BoundMethod::callBoundMethod(Object(Illuminate\\Foundation\\Application), Array, Object(Closure))
#5 /Applications/Ampps/www/php-oop/laravel-api/vendor/laravel/framework/src/Illuminate/Container/Container.php(592): Illuminate\\Container\\BoundMethod::call(Object(Illuminate\\Foundation\\Application), Array, Array, NULL)
#6 /Applications/Ampps/www/php-oop/laravel-api/vendor/laravel/framework/src/Illuminate/Database/Seeder.php(134): Illuminate\\Container\\Container->call(Array)
#7 /Applications/Ampps/www/php-oop/laravel-api/vendor/laravel/framework/src/Illuminate/Database/Seeder.php(48): Illuminate\\Database\\Seeder->__invoke()
#8 /Applications/Ampps/www/php-oop/laravel-api/database/seeds/DatabaseSeeder.php(20): Illuminate\\Database\\Seeder->call('MoviesTableSeed...')
#9 [internal function]: DatabaseSeeder->run()
#10 /Applications/Ampps/www/php-oop/laravel-api/vendor/laravel/framework/src/Illuminate/Container/BoundMethod.php(32): call_user_func_array(Array, Array)
#11 /Applications/Ampps/www/php-oop/laravel-api/vendor/laravel/framework/src/Illuminate/Container/Util.php(36): Illuminate\\Container\\BoundMethod::Illuminate\\Container\\{closure}()
#12 /Applications/Ampps/www/php-oop/laravel-api/vendor/laravel/framework/src/Illuminate/Container/BoundMethod.php(90): Illuminate\\Container\\Util::unwrapIfClosure(Object(Closure))
#13 /Applications/Ampps/www/php-oop/laravel-api/vendor/laravel/framework/src/Illuminate/Container/BoundMethod.php(34): Illuminate\\Container\\BoundMethod::callBoundMethod(Object(Illuminate\\Foundation\\Application), Array, Object(Closure))
#14 /Applications/Ampps/www/php-oop/laravel-api/vendor/laravel/framework/src/Illuminate/Container/Container.php(592): Illuminate\\Container\\BoundMethod::call(Object(Illuminate\\Foundation\\Application), Array, Array, NULL)
#15 /Applications/Ampps/www/php-oop/laravel-api/vendor/laravel/framework/src/Illuminate/Database/Seeder.php(134): Illuminate\\Container\\Container->call(Array)
#16 /Applications/Ampps/www/php-oop/laravel-api/vendor/laravel/framework/src/Illuminate/Database/Console/Seeds/SeedCommand.php(65): Illuminate\\Database\\Seeder->__invoke()
#17 /Applications/Ampps/www/php-oop/laravel-api/vendor/laravel/framework/src/Illuminate/Database/Eloquent/Concerns/GuardsAttributes.php(122): Illuminate\\Database\\Console\\Seeds\\SeedCommand->Illuminate\\Database\\Console\\Seeds\\{closure}()
#18 /Applications/Ampps/www/php-oop/laravel-api/vendor/laravel/framework/src/Illuminate/Database/Console/Seeds/SeedCommand.php(66): Illuminate\\Database\\Eloquent\\Model::unguarded(Object(Closure))
#19 [internal function]: Illuminate\\Database\\Console\\Seeds\\SeedCommand->handle()
#20 /Applications/Ampps/www/php-oop/laravel-api/vendor/laravel/framework/src/Illuminate/Container/BoundMethod.php(32): call_user_func_array(Array, Array)
#21 /Applications/Ampps/www/php-oop/laravel-api/vendor/laravel/framework/src/Illuminate/Container/Util.php(36): Illuminate\\Container\\BoundMethod::Illuminate\\Container\\{closure}()
#22 /Applications/Ampps/www/php-oop/laravel-api/vendor/laravel/framework/src/Illuminate/Container/BoundMethod.php(90): Illuminate\\Container\\Util::unwrapIfClosure(Object(Closure))
#23 /Applications/Ampps/www/php-oop/laravel-api/vendor/laravel/framework/src/Illuminate/Container/BoundMethod.php(34): Illuminate\\Container\\BoundMethod::callBoundMethod(Object(Illuminate\\Foundation\\Application), Array, Object(Closure))
#24 /Applications/Ampps/www/php-oop/laravel-api/vendor/laravel/framework/src/Illuminate/Container/Container.php(592): Illuminate\\Container\\BoundMethod::call(Object(Illuminate\\Foundation\\Application), Array, Array, NULL)
#25 /Applications/Ampps/www/php-oop/laravel-api/vendor/laravel/framework/src/Illuminate/Console/Command.php(134): Illuminate\\Container\\Container->call(Array)
#26 /Applications/Ampps/www/php-oop/laravel-api/vendor/symfony/console/Command/Command.php(255): Illuminate\\Console\\Command->execute(Object(Symfony\\Component\\Console\\Input\\ArgvInput), Object(Illuminate\\Console\\OutputStyle))
#27 /Applications/Ampps/www/php-oop/laravel-api/vendor/laravel/framework/src/Illuminate/Console/Command.php(121): Symfony\\Component\\Console\\Command\\Command->run(Object(Symfony\\Component\\Console\\Input\\ArgvInput), Object(Illuminate\\Console\\OutputStyle))
#28 /Applications/Ampps/www/php-oop/laravel-api/vendor/symfony/console/Application.php(912): Illuminate\\Console\\Command->run(Object(Symfony\\Component\\Console\\Input\\ArgvInput), Object(Symfony\\Component\\Console\\Output\\ConsoleOutput))
#29 /Applications/Ampps/www/php-oop/laravel-api/vendor/symfony/console/Application.php(264): Symfony\\Component\\Console\\Application->doRunCommand(Object(Illuminate\\Database\\Console\\Seeds\\SeedCommand), Object(Symfony\\Component\\Console\\Input\\ArgvInput), Object(Symfony\\Component\\Console\\Output\\ConsoleOutput))
#30 /Applications/Ampps/www/php-oop/laravel-api/vendor/symfony/console/Application.php(140): Symfony\\Component\\Console\\Application->doRun(Object(Symfony\\Component\\Console\\Input\\ArgvInput), Object(Symfony\\Component\\Console\\Output\\ConsoleOutput))
#31 /Applications/Ampps/www/php-oop/laravel-api/vendor/laravel/framework/src/Illuminate/Console/Application.php(93): Symfony\\Component\\Console\\Application->run(Object(Symfony\\Component\\Console\\Input\\ArgvInput), Object(Symfony\\Component\\Console\\Output\\ConsoleOutput))
#32 /Applications/Ampps/www/php-oop/laravel-api/vendor/laravel/framework/src/Illuminate/Foundation/Console/Kernel.php(130): Illuminate\\Console\\Application->run(Object(Symfony\\Component\\Console\\Input\\ArgvInput), Object(Symfony\\Component\\Console\\Output\\ConsoleOutput))
#33 /Applications/Ampps/www/php-oop/laravel-api/artisan(37): Illuminate\\Foundation\\Console\\Kernel->handle(Object(Symfony\\Component\\Console\\Input\\ArgvInput), Object(Symfony\\Component\\Console\\Output\\ConsoleOutput))
#34 {main}
"} 
[2020-03-24 01:29:02] local.ERROR: Class 'Movie' not found {"exception":"[object] (Error(code: 0): Class 'Movie' not found at /Applications/Ampps/www/php-oop/laravel-api/database/seeds/MoviesTableSeeder.php:19)
[stacktrace]
#0 [internal function]: MoviesTableSeeder->run()
#1 /Applications/Ampps/www/php-oop/laravel-api/vendor/laravel/framework/src/Illuminate/Container/BoundMethod.php(32): call_user_func_array(Array, Array)
#2 /Applications/Ampps/www/php-oop/laravel-api/vendor/laravel/framework/src/Illuminate/Container/Util.php(36): Illuminate\\Container\\BoundMethod::Illuminate\\Container\\{closure}()
#3 /Applications/Ampps/www/php-oop/laravel-api/vendor/laravel/framework/src/Illuminate/Container/BoundMethod.php(90): Illuminate\\Container\\Util::unwrapIfClosure(Object(Closure))
#4 /Applications/Ampps/www/php-oop/laravel-api/vendor/laravel/framework/src/Illuminate/Container/BoundMethod.php(34): Illuminate\\Container\\BoundMethod::callBoundMethod(Object(Illuminate\\Foundation\\Application), Array, Object(Closure))
#5 /Applications/Ampps/www/php-oop/laravel-api/vendor/laravel/framework/src/Illuminate/Container/Container.php(592): Illuminate\\Container\\BoundMethod::call(Object(Illuminate\\Foundation\\Application), Array, Array, NULL)
#6 /Applications/Ampps/www/php-oop/laravel-api/vendor/laravel/framework/src/Illuminate/Database/Seeder.php(134): Illuminate\\Container\\Container->call(Array)
#7 /Applications/Ampps/www/php-oop/laravel-api/vendor/laravel/framework/src/Illuminate/Database/Seeder.php(48): Illuminate\\Database\\Seeder->__invoke()
#8 /Applications/Ampps/www/php-oop/laravel-api/database/seeds/DatabaseSeeder.php(20): Illuminate\\Database\\Seeder->call('MoviesTableSeed...')
#9 [internal function]: DatabaseSeeder->run()
#10 /Applications/Ampps/www/php-oop/laravel-api/vendor/laravel/framework/src/Illuminate/Container/BoundMethod.php(32): call_user_func_array(Array, Array)
#11 /Applications/Ampps/www/php-oop/laravel-api/vendor/laravel/framework/src/Illuminate/Container/Util.php(36): Illuminate\\Container\\BoundMethod::Illuminate\\Container\\{closure}()
#12 /Applications/Ampps/www/php-oop/laravel-api/vendor/laravel/framework/src/Illuminate/Container/BoundMethod.php(90): Illuminate\\Container\\Util::unwrapIfClosure(Object(Closure))
#13 /Applications/Ampps/www/php-oop/laravel-api/vendor/laravel/framework/src/Illuminate/Container/BoundMethod.php(34): Illuminate\\Container\\BoundMethod::callBoundMethod(Object(Illuminate\\Foundation\\Application), Array, Object(Closure))
#14 /Applications/Ampps/www/php-oop/laravel-api/vendor/laravel/framework/src/Illuminate/Container/Container.php(592): Illuminate\\Container\\BoundMethod::call(Object(Illuminate\\Foundation\\Application), Array, Array, NULL)
#15 /Applications/Ampps/www/php-oop/laravel-api/vendor/laravel/framework/src/Illuminate/Database/Seeder.php(134): Illuminate\\Container\\Container->call(Array)
#16 /Applications/Ampps/www/php-oop/laravel-api/vendor/laravel/framework/src/Illuminate/Database/Console/Seeds/SeedCommand.php(65): Illuminate\\Database\\Seeder->__invoke()
#17 /Applications/Ampps/www/php-oop/laravel-api/vendor/laravel/framework/src/Illuminate/Database/Eloquent/Concerns/GuardsAttributes.php(122): Illuminate\\Database\\Console\\Seeds\\SeedCommand->Illuminate\\Database\\Console\\Seeds\\{closure}()
#18 /Applications/Ampps/www/php-oop/laravel-api/vendor/laravel/framework/src/Illuminate/Database/Console/Seeds/SeedCommand.php(66): Illuminate\\Database\\Eloquent\\Model::unguarded(Object(Closure))
#19 [internal function]: Illuminate\\Database\\Console\\Seeds\\SeedCommand->handle()
#20 /Applications/Ampps/www/php-oop/laravel-api/vendor/laravel/framework/src/Illuminate/Container/BoundMethod.php(32): call_user_func_array(Array, Array)
#21 /Applications/Ampps/www/php-oop/laravel-api/vendor/laravel/framework/src/Illuminate/Container/Util.php(36): Illuminate\\Container\\BoundMethod::Illuminate\\Container\\{closure}()
#22 /Applications/Ampps/www/php-oop/laravel-api/vendor/laravel/framework/src/Illuminate/Container/BoundMethod.php(90): Illuminate\\Container\\Util::unwrapIfClosure(Object(Closure))
#23 /Applications/Ampps/www/php-oop/laravel-api/vendor/laravel/framework/src/Illuminate/Container/BoundMethod.php(34): Illuminate\\Container\\BoundMethod::callBoundMethod(Object(Illuminate\\Foundation\\Application), Array, Object(Closure))
#24 /Applications/Ampps/www/php-oop/laravel-api/vendor/laravel/framework/src/Illuminate/Container/Container.php(592): Illuminate\\Container\\BoundMethod::call(Object(Illuminate\\Foundation\\Application), Array, Array, NULL)
#25 /Applications/Ampps/www/php-oop/laravel-api/vendor/laravel/framework/src/Illuminate/Console/Command.php(134): Illuminate\\Container\\Container->call(Array)
#26 /Applications/Ampps/www/php-oop/laravel-api/vendor/symfony/console/Command/Command.php(255): Illuminate\\Console\\Command->execute(Object(Symfony\\Component\\Console\\Input\\ArgvInput), Object(Illuminate\\Console\\OutputStyle))
#27 /Applications/Ampps/www/php-oop/laravel-api/vendor/laravel/framework/src/Illuminate/Console/Command.php(121): Symfony\\Component\\Console\\Command\\Command->run(Object(Symfony\\Component\\Console\\Input\\ArgvInput), Object(Illuminate\\Console\\OutputStyle))
#28 /Applications/Ampps/www/php-oop/laravel-api/vendor/symfony/console/Application.php(912): Illuminate\\Console\\Command->run(Object(Symfony\\Component\\Console\\Input\\ArgvInput), Object(Symfony\\Component\\Console\\Output\\ConsoleOutput))
#29 /Applications/Ampps/www/php-oop/laravel-api/vendor/symfony/console/Application.php(264): Symfony\\Component\\Console\\Application->doRunCommand(Object(Illuminate\\Database\\Console\\Seeds\\SeedCommand), Object(Symfony\\Component\\Console\\Input\\ArgvInput), Object(Symfony\\Component\\Console\\Output\\ConsoleOutput))
#30 /Applications/Ampps/www/php-oop/laravel-api/vendor/symfony/console/Application.php(140): Symfony\\Component\\Console\\Application->doRun(Object(Symfony\\Component\\Console\\Input\\ArgvInput), Object(Symfony\\Component\\Console\\Output\\ConsoleOutput))
#31 /Applications/Ampps/www/php-oop/laravel-api/vendor/laravel/framework/src/Illuminate/Console/Application.php(93): Symfony\\Component\\Console\\Application->run(Object(Symfony\\Component\\Console\\Input\\ArgvInput), Object(Symfony\\Component\\Console\\Output\\ConsoleOutput))
#32 /Applications/Ampps/www/php-oop/laravel-api/vendor/laravel/framework/src/Illuminate/Foundation/Console/Kernel.php(130): Illuminate\\Console\\Application->run(Object(Symfony\\Component\\Console\\Input\\ArgvInput), Object(Symfony\\Component\\Console\\Output\\ConsoleOutput))
#33 /Applications/Ampps/www/php-oop/laravel-api/artisan(37): Illuminate\\Foundation\\Console\\Kernel->handle(Object(Symfony\\Component\\Console\\Input\\ArgvInput), Object(Symfony\\Component\\Console\\Output\\ConsoleOutput))
#34 {main}
"} 
[2020-03-24 01:29:20] local.ERROR: SQLSTATE[42S22]: Column not found: 1054 Unknown column 'title' in 'field list' (SQL: insert into `movies` (`title`, `body`, `updated_at`, `created_at`) values (Eos et autem quis ex rerum., Et et aut perferendis dolorem sunt incidunt. Esse rerum saepe velit sed cumque. Ullam et quia aliquam. Quia molestias ex velit delectus fuga et quos ea. Eum architecto inventore ut occaecati quis enim enim. Eaque quisquam corporis non., 2020-03-24 01:29:20, 2020-03-24 01:29:20)) {"exception":"[object] (Illuminate\\Database\\QueryException(code: 42S22): SQLSTATE[42S22]: Column not found: 1054 Unknown column 'title' in 'field list' (SQL: insert into `movies` (`title`, `body`, `updated_at`, `created_at`) values (Eos et autem quis ex rerum., Et et aut perferendis dolorem sunt incidunt. Esse rerum saepe velit sed cumque. Ullam et quia aliquam. Quia molestias ex velit delectus fuga et quos ea. Eum architecto inventore ut occaecati quis enim enim. Eaque quisquam corporis non., 2020-03-24 01:29:20, 2020-03-24 01:29:20)) at /Applications/Ampps/www/php-oop/laravel-api/vendor/laravel/framework/src/Illuminate/Database/Connection.php:669)
[stacktrace]
#0 /Applications/Ampps/www/php-oop/laravel-api/vendor/laravel/framework/src/Illuminate/Database/Connection.php(629): Illuminate\\Database\\Connection->runQueryCallback('insert into `mo...', Array, Object(Closure))
#1 /Applications/Ampps/www/php-oop/laravel-api/vendor/laravel/framework/src/Illuminate/Database/Connection.php(464): Illuminate\\Database\\Connection->run('insert into `mo...', Array, Object(Closure))
#2 /Applications/Ampps/www/php-oop/laravel-api/vendor/laravel/framework/src/Illuminate/Database/Connection.php(416): Illuminate\\Database\\Connection->statement('insert into `mo...', Array)
#3 /Applications/Ampps/www/php-oop/laravel-api/vendor/laravel/framework/src/Illuminate/Database/Query/Processors/Processor.php(32): Illuminate\\Database\\Connection->insert('insert into `mo...', Array)
#4 /Applications/Ampps/www/php-oop/laravel-api/vendor/laravel/framework/src/Illuminate/Database/Query/Builder.php(2705): Illuminate\\Database\\Query\\Processors\\Processor->processInsertGetId(Object(Illuminate\\Database\\Query\\Builder), 'insert into `mo...', Array, 'id')
#5 /Applications/Ampps/www/php-oop/laravel-api/vendor/laravel/framework/src/Illuminate/Database/Eloquent/Builder.php(1381): Illuminate\\Database\\Query\\Builder->insertGetId(Array, 'id')
#6 /Applications/Ampps/www/php-oop/laravel-api/vendor/laravel/framework/src/Illuminate/Database/Eloquent/Model.php(865): Illuminate\\Database\\Eloquent\\Builder->__call('insertGetId', Array)
#7 /Applications/Ampps/www/php-oop/laravel-api/vendor/laravel/framework/src/Illuminate/Database/Eloquent/Model.php(830): Illuminate\\Database\\Eloquent\\Model->insertAndSetId(Object(Illuminate\\Database\\Eloquent\\Builder), Array)
#8 /Applications/Ampps/www/php-oop/laravel-api/vendor/laravel/framework/src/Illuminate/Database/Eloquent/Model.php(693): Illuminate\\Database\\Eloquent\\Model->performInsert(Object(Illuminate\\Database\\Eloquent\\Builder))
#9 /Applications/Ampps/www/php-oop/laravel-api/vendor/laravel/framework/src/Illuminate/Database/Eloquent/Builder.php(767): Illuminate\\Database\\Eloquent\\Model->save()
#10 /Applications/Ampps/www/php-oop/laravel-api/vendor/laravel/framework/src/Illuminate/Support/helpers.php(422): Illuminate\\Database\\Eloquent\\Builder->Illuminate\\Database\\Eloquent\\{closure}(Object(App\\Movie))
#11 /Applications/Ampps/www/php-oop/laravel-api/vendor/laravel/framework/src/Illuminate/Database/Eloquent/Builder.php(768): tap(Object(App\\Movie), Object(Closure))
#12 /Applications/Ampps/www/php-oop/laravel-api/vendor/laravel/framework/src/Illuminate/Support/Traits/ForwardsCalls.php(23): Illuminate\\Database\\Eloquent\\Builder->create(Array)
#13 /Applications/Ampps/www/php-oop/laravel-api/vendor/laravel/framework/src/Illuminate/Database/Eloquent/Model.php(1662): Illuminate\\Database\\Eloquent\\Model->forwardCallTo(Object(Illuminate\\Database\\Eloquent\\Builder), 'Create', Array)
#14 /Applications/Ampps/www/php-oop/laravel-api/vendor/laravel/framework/src/Illuminate/Database/Eloquent/Model.php(1674): Illuminate\\Database\\Eloquent\\Model->__call('Create', Array)
#15 /Applications/Ampps/www/php-oop/laravel-api/database/seeds/MoviesTableSeeder.php(21): Illuminate\\Database\\Eloquent\\Model::__callStatic('Create', Array)
#16 [internal function]: MoviesTableSeeder->run()
#17 /Applications/Ampps/www/php-oop/laravel-api/vendor/laravel/framework/src/Illuminate/Container/BoundMethod.php(32): call_user_func_array(Array, Array)
#18 /Applications/Ampps/www/php-oop/laravel-api/vendor/laravel/framework/src/Illuminate/Container/Util.php(36): Illuminate\\Container\\BoundMethod::Illuminate\\Container\\{closure}()
#19 /Applications/Ampps/www/php-oop/laravel-api/vendor/laravel/framework/src/Illuminate/Container/BoundMethod.php(90): Illuminate\\Container\\Util::unwrapIfClosure(Object(Closure))
#20 /Applications/Ampps/www/php-oop/laravel-api/vendor/laravel/framework/src/Illuminate/Container/BoundMethod.php(34): Illuminate\\Container\\BoundMethod::callBoundMethod(Object(Illuminate\\Foundation\\Application), Array, Object(Closure))
#21 /Applications/Ampps/www/php-oop/laravel-api/vendor/laravel/framework/src/Illuminate/Container/Container.php(592): Illuminate\\Container\\BoundMethod::call(Object(Illuminate\\Foundation\\Application), Array, Array, NULL)
#22 /Applications/Ampps/www/php-oop/laravel-api/vendor/laravel/framework/src/Illuminate/Database/Seeder.php(134): Illuminate\\Container\\Container->call(Array)
#23 /Applications/Ampps/www/php-oop/laravel-api/vendor/laravel/framework/src/Illuminate/Database/Seeder.php(48): Illuminate\\Database\\Seeder->__invoke()
#24 /Applications/Ampps/www/php-oop/laravel-api/database/seeds/DatabaseSeeder.php(20): Illuminate\\Database\\Seeder->call('MoviesTableSeed...')
#25 [internal function]: DatabaseSeeder->run()
#26 /Applications/Ampps/www/php-oop/laravel-api/vendor/laravel/framework/src/Illuminate/Container/BoundMethod.php(32): call_user_func_array(Array, Array)
#27 /Applications/Ampps/www/php-oop/laravel-api/vendor/laravel/framework/src/Illuminate/Container/Util.php(36): Illuminate\\Container\\BoundMethod::Illuminate\\Container\\{closure}()
#28 /Applications/Ampps/www/php-oop/laravel-api/vendor/laravel/framework/src/Illuminate/Container/BoundMethod.php(90): Illuminate\\Container\\Util::unwrapIfClosure(Object(Closure))
#29 /Applications/Ampps/www/php-oop/laravel-api/vendor/laravel/framework/src/Illuminate/Container/BoundMethod.php(34): Illuminate\\Container\\BoundMethod::callBoundMethod(Object(Illuminate\\Foundation\\Application), Array, Object(Closure))
#30 /Applications/Ampps/www/php-oop/laravel-api/vendor/laravel/framework/src/Illuminate/Container/Container.php(592): Illuminate\\Container\\BoundMethod::call(Object(Illuminate\\Foundation\\Application), Array, Array, NULL)
#31 /Applications/Ampps/www/php-oop/laravel-api/vendor/laravel/framework/src/Illuminate/Database/Seeder.php(134): Illuminate\\Container\\Container->call(Array)
#32 /Applications/Ampps/www/php-oop/laravel-api/vendor/laravel/framework/src/Illuminate/Database/Console/Seeds/SeedCommand.php(65): Illuminate\\Database\\Seeder->__invoke()
#33 /Applications/Ampps/www/php-oop/laravel-api/vendor/laravel/framework/src/Illuminate/Database/Eloquent/Concerns/GuardsAttributes.php(122): Illuminate\\Database\\Console\\Seeds\\SeedCommand->Illuminate\\Database\\Console\\Seeds\\{closure}()
#34 /Applications/Ampps/www/php-oop/laravel-api/vendor/laravel/framework/src/Illuminate/Database/Console/Seeds/SeedCommand.php(66): Illuminate\\Database\\Eloquent\\Model::unguarded(Object(Closure))
#35 [internal function]: Illuminate\\Database\\Console\\Seeds\\SeedCommand->handle()
#36 /Applications/Ampps/www/php-oop/laravel-api/vendor/laravel/framework/src/Illuminate/Container/BoundMethod.php(32): call_user_func_array(Array, Array)
#37 /Applications/Ampps/www/php-oop/laravel-api/vendor/laravel/framework/src/Illuminate/Container/Util.php(36): Illuminate\\Container\\BoundMethod::Illuminate\\Container\\{closure}()
#38 /Applications/Ampps/www/php-oop/laravel-api/vendor/laravel/framework/src/Illuminate/Container/BoundMethod.php(90): Illuminate\\Container\\Util::unwrapIfClosure(Object(Closure))
#39 /Applications/Ampps/www/php-oop/laravel-api/vendor/laravel/framework/src/Illuminate/Container/BoundMethod.php(34): Illuminate\\Container\\BoundMethod::callBoundMethod(Object(Illuminate\\Foundation\\Application), Array, Object(Closure))
#40 /Applications/Ampps/www/php-oop/laravel-api/vendor/laravel/framework/src/Illuminate/Container/Container.php(592): Illuminate\\Container\\BoundMethod::call(Object(Illuminate\\Foundation\\Application), Array, Array, NULL)
#41 /Applications/Ampps/www/php-oop/laravel-api/vendor/laravel/framework/src/Illuminate/Console/Command.php(134): Illuminate\\Container\\Container->call(Array)
#42 /Applications/Ampps/www/php-oop/laravel-api/vendor/symfony/console/Command/Command.php(255): Illuminate\\Console\\Command->execute(Object(Symfony\\Component\\Console\\Input\\ArgvInput), Object(Illuminate\\Console\\OutputStyle))
#43 /Applications/Ampps/www/php-oop/laravel-api/vendor/laravel/framework/src/Illuminate/Console/Command.php(121): Symfony\\Component\\Console\\Command\\Command->run(Object(Symfony\\Component\\Console\\Input\\ArgvInput), Object(Illuminate\\Console\\OutputStyle))
#44 /Applications/Ampps/www/php-oop/laravel-api/vendor/symfony/console/Application.php(912): Illuminate\\Console\\Command->run(Object(Symfony\\Component\\Console\\Input\\ArgvInput), Object(Symfony\\Component\\Console\\Output\\ConsoleOutput))
#45 /Applications/Ampps/www/php-oop/laravel-api/vendor/symfony/console/Application.php(264): Symfony\\Component\\Console\\Application->doRunCommand(Object(Illuminate\\Database\\Console\\Seeds\\SeedCommand), Object(Symfony\\Component\\Console\\Input\\ArgvInput), Object(Symfony\\Component\\Console\\Output\\ConsoleOutput))
#46 /Applications/Ampps/www/php-oop/laravel-api/vendor/symfony/console/Application.php(140): Symfony\\Component\\Console\\Application->doRun(Object(Symfony\\Component\\Console\\Input\\ArgvInput), Object(Symfony\\Component\\Console\\Output\\ConsoleOutput))
#47 /Applications/Ampps/www/php-oop/laravel-api/vendor/laravel/framework/src/Illuminate/Console/Application.php(93): Symfony\\Component\\Console\\Application->run(Object(Symfony\\Component\\Console\\Input\\ArgvInput), Object(Symfony\\Component\\Console\\Output\\ConsoleOutput))
#48 /Applications/Ampps/www/php-oop/laravel-api/vendor/laravel/framework/src/Illuminate/Foundation/Console/Kernel.php(130): Illuminate\\Console\\Application->run(Object(Symfony\\Component\\Console\\Input\\ArgvInput), Object(Symfony\\Component\\Console\\Output\\ConsoleOutput))
#49 /Applications/Ampps/www/php-oop/laravel-api/artisan(37): Illuminate\\Foundation\\Console\\Kernel->handle(Object(Symfony\\Component\\Console\\Input\\ArgvInput), Object(Symfony\\Component\\Console\\Output\\ConsoleOutput))
#50 {main}

[previous exception] [object] (PDOException(code: 42S22): SQLSTATE[42S22]: Column not found: 1054 Unknown column 'title' in 'field list' at /Applications/Ampps/www/php-oop/laravel-api/vendor/laravel/framework/src/Illuminate/Database/Connection.php:457)
[stacktrace]
#0 /Applications/Ampps/www/php-oop/laravel-api/vendor/laravel/framework/src/Illuminate/Database/Connection.php(457): PDO->prepare('insert into `mo...')
#1 /Applications/Ampps/www/php-oop/laravel-api/vendor/laravel/framework/src/Illuminate/Database/Connection.php(662): Illuminate\\Database\\Connection->Illuminate\\Database\\{closure}('insert into `mo...', Array)
#2 /Applications/Ampps/www/php-oop/laravel-api/vendor/laravel/framework/src/Illuminate/Database/Connection.php(629): Illuminate\\Database\\Connection->runQueryCallback('insert into `mo...', Array, Object(Closure))
#3 /Applications/Ampps/www/php-oop/laravel-api/vendor/laravel/framework/src/Illuminate/Database/Connection.php(464): Illuminate\\Database\\Connection->run('insert into `mo...', Array, Object(Closure))
#4 /Applications/Ampps/www/php-oop/laravel-api/vendor/laravel/framework/src/Illuminate/Database/Connection.php(416): Illuminate\\Database\\Connection->statement('insert into `mo...', Array)
#5 /Applications/Ampps/www/php-oop/laravel-api/vendor/laravel/framework/src/Illuminate/Database/Query/Processors/Processor.php(32): Illuminate\\Database\\Connection->insert('insert into `mo...', Array)
#6 /Applications/Ampps/www/php-oop/laravel-api/vendor/laravel/framework/src/Illuminate/Database/Query/Builder.php(2705): Illuminate\\Database\\Query\\Processors\\Processor->processInsertGetId(Object(Illuminate\\Database\\Query\\Builder), 'insert into `mo...', Array, 'id')
#7 /Applications/Ampps/www/php-oop/laravel-api/vendor/laravel/framework/src/Illuminate/Database/Eloquent/Builder.php(1381): Illuminate\\Database\\Query\\Builder->insertGetId(Array, 'id')
#8 /Applications/Ampps/www/php-oop/laravel-api/vendor/laravel/framework/src/Illuminate/Database/Eloquent/Model.php(865): Illuminate\\Database\\Eloquent\\Builder->__call('insertGetId', Array)
#9 /Applications/Ampps/www/php-oop/laravel-api/vendor/laravel/framework/src/Illuminate/Database/Eloquent/Model.php(830): Illuminate\\Database\\Eloquent\\Model->insertAndSetId(Object(Illuminate\\Database\\Eloquent\\Builder), Array)
#10 /Applications/Ampps/www/php-oop/laravel-api/vendor/laravel/framework/src/Illuminate/Database/Eloquent/Model.php(693): Illuminate\\Database\\Eloquent\\Model->performInsert(Object(Illuminate\\Database\\Eloquent\\Builder))
#11 /Applications/Ampps/www/php-oop/laravel-api/vendor/laravel/framework/src/Illuminate/Database/Eloquent/Builder.php(767): Illuminate\\Database\\Eloquent\\Model->save()
#12 /Applications/Ampps/www/php-oop/laravel-api/vendor/laravel/framework/src/Illuminate/Support/helpers.php(422): Illuminate\\Database\\Eloquent\\Builder->Illuminate\\Database\\Eloquent\\{closure}(Object(App\\Movie))
#13 /Applications/Ampps/www/php-oop/laravel-api/vendor/laravel/framework/src/Illuminate/Database/Eloquent/Builder.php(768): tap(Object(App\\Movie), Object(Closure))
#14 /Applications/Ampps/www/php-oop/laravel-api/vendor/laravel/framework/src/Illuminate/Support/Traits/ForwardsCalls.php(23): Illuminate\\Database\\Eloquent\\Builder->create(Array)
#15 /Applications/Ampps/www/php-oop/laravel-api/vendor/laravel/framework/src/Illuminate/Database/Eloquent/Model.php(1662): Illuminate\\Database\\Eloquent\\Model->forwardCallTo(Object(Illuminate\\Database\\Eloquent\\Builder), 'Create', Array)
#16 /Applications/Ampps/www/php-oop/laravel-api/vendor/laravel/framework/src/Illuminate/Database/Eloquent/Model.php(1674): Illuminate\\Database\\Eloquent\\Model->__call('Create', Array)
#17 /Applications/Ampps/www/php-oop/laravel-api/database/seeds/MoviesTableSeeder.php(21): Illuminate\\Database\\Eloquent\\Model::__callStatic('Create', Array)
#18 [internal function]: MoviesTableSeeder->run()
#19 /Applications/Ampps/www/php-oop/laravel-api/vendor/laravel/framework/src/Illuminate/Container/BoundMethod.php(32): call_user_func_array(Array, Array)
#20 /Applications/Ampps/www/php-oop/laravel-api/vendor/laravel/framework/src/Illuminate/Container/Util.php(36): Illuminate\\Container\\BoundMethod::Illuminate\\Container\\{closure}()
#21 /Applications/Ampps/www/php-oop/laravel-api/vendor/laravel/framework/src/Illuminate/Container/BoundMethod.php(90): Illuminate\\Container\\Util::unwrapIfClosure(Object(Closure))
#22 /Applications/Ampps/www/php-oop/laravel-api/vendor/laravel/framework/src/Illuminate/Container/BoundMethod.php(34): Illuminate\\Container\\BoundMethod::callBoundMethod(Object(Illuminate\\Foundation\\Application), Array, Object(Closure))
#23 /Applications/Ampps/www/php-oop/laravel-api/vendor/laravel/framework/src/Illuminate/Container/Container.php(592): Illuminate\\Container\\BoundMethod::call(Object(Illuminate\\Foundation\\Application), Array, Array, NULL)
#24 /Applications/Ampps/www/php-oop/laravel-api/vendor/laravel/framework/src/Illuminate/Database/Seeder.php(134): Illuminate\\Container\\Container->call(Array)
#25 /Applications/Ampps/www/php-oop/laravel-api/vendor/laravel/framework/src/Illuminate/Database/Seeder.php(48): Illuminate\\Database\\Seeder->__invoke()
#26 /Applications/Ampps/www/php-oop/laravel-api/database/seeds/DatabaseSeeder.php(20): Illuminate\\Database\\Seeder->call('MoviesTableSeed...')
#27 [internal function]: DatabaseSeeder->run()
#28 /Applications/Ampps/www/php-oop/laravel-api/vendor/laravel/framework/src/Illuminate/Container/BoundMethod.php(32): call_user_func_array(Array, Array)
#29 /Applications/Ampps/www/php-oop/laravel-api/vendor/laravel/framework/src/Illuminate/Container/Util.php(36): Illuminate\\Container\\BoundMethod::Illuminate\\Container\\{closure}()
#30 /Applications/Ampps/www/php-oop/laravel-api/vendor/laravel/framework/src/Illuminate/Container/BoundMethod.php(90): Illuminate\\Container\\Util::unwrapIfClosure(Object(Closure))
#31 /Applications/Ampps/www/php-oop/laravel-api/vendor/laravel/framework/src/Illuminate/Container/BoundMethod.php(34): Illuminate\\Container\\BoundMethod::callBoundMethod(Object(Illuminate\\Foundation\\Application), Array, Object(Closure))
#32 /Applications/Ampps/www/php-oop/laravel-api/vendor/laravel/framework/src/Illuminate/Container/Container.php(592): Illuminate\\Container\\BoundMethod::call(Object(Illuminate\\Foundation\\Application), Array, Array, NULL)
#33 /Applications/Ampps/www/php-oop/laravel-api/vendor/laravel/framework/src/Illuminate/Database/Seeder.php(134): Illuminate\\Container\\Container->call(Array)
#34 /Applications/Ampps/www/php-oop/laravel-api/vendor/laravel/framework/src/Illuminate/Database/Console/Seeds/SeedCommand.php(65): Illuminate\\Database\\Seeder->__invoke()
#35 /Applications/Ampps/www/php-oop/laravel-api/vendor/laravel/framework/src/Illuminate/Database/Eloquent/Concerns/GuardsAttributes.php(122): Illuminate\\Database\\Console\\Seeds\\SeedCommand->Illuminate\\Database\\Console\\Seeds\\{closure}()
#36 /Applications/Ampps/www/php-oop/laravel-api/vendor/laravel/framework/src/Illuminate/Database/Console/Seeds/SeedCommand.php(66): Illuminate\\Database\\Eloquent\\Model::unguarded(Object(Closure))
#37 [internal function]: Illuminate\\Database\\Console\\Seeds\\SeedCommand->handle()
#38 /Applications/Ampps/www/php-oop/laravel-api/vendor/laravel/framework/src/Illuminate/Container/BoundMethod.php(32): call_user_func_array(Array, Array)
#39 /Applications/Ampps/www/php-oop/laravel-api/vendor/laravel/framework/src/Illuminate/Container/Util.php(36): Illuminate\\Container\\BoundMethod::Illuminate\\Container\\{closure}()
#40 /Applications/Ampps/www/php-oop/laravel-api/vendor/laravel/framework/src/Illuminate/Container/BoundMethod.php(90): Illuminate\\Container\\Util::unwrapIfClosure(Object(Closure))
#41 /Applications/Ampps/www/php-oop/laravel-api/vendor/laravel/framework/src/Illuminate/Container/BoundMethod.php(34): Illuminate\\Container\\BoundMethod::callBoundMethod(Object(Illuminate\\Foundation\\Application), Array, Object(Closure))
#42 /Applications/Ampps/www/php-oop/laravel-api/vendor/laravel/framework/src/Illuminate/Container/Container.php(592): Illuminate\\Container\\BoundMethod::call(Object(Illuminate\\Foundation\\Application), Array, Array, NULL)
#43 /Applications/Ampps/www/php-oop/laravel-api/vendor/laravel/framework/src/Illuminate/Console/Command.php(134): Illuminate\\Container\\Container->call(Array)
#44 /Applications/Ampps/www/php-oop/laravel-api/vendor/symfony/console/Command/Command.php(255): Illuminate\\Console\\Command->execute(Object(Symfony\\Component\\Console\\Input\\ArgvInput), Object(Illuminate\\Console\\OutputStyle))
#45 /Applications/Ampps/www/php-oop/laravel-api/vendor/laravel/framework/src/Illuminate/Console/Command.php(121): Symfony\\Component\\Console\\Command\\Command->run(Object(Symfony\\Component\\Console\\Input\\ArgvInput), Object(Illuminate\\Console\\OutputStyle))
#46 /Applications/Ampps/www/php-oop/laravel-api/vendor/symfony/console/Application.php(912): Illuminate\\Console\\Command->run(Object(Symfony\\Component\\Console\\Input\\ArgvInput), Object(Symfony\\Component\\Console\\Output\\ConsoleOutput))
#47 /Applications/Ampps/www/php-oop/laravel-api/vendor/symfony/console/Application.php(264): Symfony\\Component\\Console\\Application->doRunCommand(Object(Illuminate\\Database\\Console\\Seeds\\SeedCommand), Object(Symfony\\Component\\Console\\Input\\ArgvInput), Object(Symfony\\Component\\Console\\Output\\ConsoleOutput))
#48 /Applications/Ampps/www/php-oop/laravel-api/vendor/symfony/console/Application.php(140): Symfony\\Component\\Console\\Application->doRun(Object(Symfony\\Component\\Console\\Input\\ArgvInput), Object(Symfony\\Component\\Console\\Output\\ConsoleOutput))
#49 /Applications/Ampps/www/php-oop/laravel-api/vendor/laravel/framework/src/Illuminate/Console/Application.php(93): Symfony\\Component\\Console\\Application->run(Object(Symfony\\Component\\Console\\Input\\ArgvInput), Object(Symfony\\Component\\Console\\Output\\ConsoleOutput))
#50 /Applications/Ampps/www/php-oop/laravel-api/vendor/laravel/framework/src/Illuminate/Foundation/Console/Kernel.php(130): Illuminate\\Console\\Application->run(Object(Symfony\\Component\\Console\\Input\\ArgvInput), Object(Symfony\\Component\\Console\\Output\\ConsoleOutput))
#51 /Applications/Ampps/www/php-oop/laravel-api/artisan(37): Illuminate\\Foundation\\Console\\Kernel->handle(Object(Symfony\\Component\\Console\\Input\\ArgvInput), Object(Symfony\\Component\\Console\\Output\\ConsoleOutput))
#52 {main}
"} 
[2020-03-24 01:31:42] local.ERROR: There are no commands defined in the "controller" namespace. {"exception":"[object] (Symfony\\Component\\Console\\Exception\\NamespaceNotFoundException(code: 0): There are no commands defined in the \"controller\" namespace. at /Applications/Ampps/www/php-oop/laravel-api/vendor/symfony/console/Application.php:574)
[stacktrace]
#0 /Applications/Ampps/www/php-oop/laravel-api/vendor/symfony/console/Application.php(625): Symfony\\Component\\Console\\Application->findNamespace('controller')
#1 /Applications/Ampps/www/php-oop/laravel-api/vendor/symfony/console/Application.php(228): Symfony\\Component\\Console\\Application->find('controller:make')
#2 /Applications/Ampps/www/php-oop/laravel-api/vendor/symfony/console/Application.php(140): Symfony\\Component\\Console\\Application->doRun(Object(Symfony\\Component\\Console\\Input\\ArgvInput), Object(Symfony\\Component\\Console\\Output\\ConsoleOutput))
#3 /Applications/Ampps/www/php-oop/laravel-api/vendor/laravel/framework/src/Illuminate/Console/Application.php(93): Symfony\\Component\\Console\\Application->run(Object(Symfony\\Component\\Console\\Input\\ArgvInput), Object(Symfony\\Component\\Console\\Output\\ConsoleOutput))
#4 /Applications/Ampps/www/php-oop/laravel-api/vendor/laravel/framework/src/Illuminate/Foundation/Console/Kernel.php(130): Illuminate\\Console\\Application->run(Object(Symfony\\Component\\Console\\Input\\ArgvInput), Object(Symfony\\Component\\Console\\Output\\ConsoleOutput))
#5 /Applications/Ampps/www/php-oop/laravel-api/artisan(37): Illuminate\\Foundation\\Console\\Kernel->handle(Object(Symfony\\Component\\Console\\Input\\ArgvInput), Object(Symfony\\Component\\Console\\Output\\ConsoleOutput))
#6 {main}
"} 
[2020-03-24 01:32:10] local.ERROR: Command "routes" is not defined.

Did you mean one of these?
    route:cache
    route:clear
    route:list {"exception":"[object] (Symfony\\Component\\Console\\Exception\\CommandNotFoundException(code: 0): Command \"routes\" is not defined.

Did you mean one of these?
    route:cache
    route:clear
    route:list at /Applications/Ampps/www/php-oop/laravel-api/vendor/symfony/console/Application.php:644)
[stacktrace]
#0 /Applications/Ampps/www/php-oop/laravel-api/vendor/symfony/console/Application.php(228): Symfony\\Component\\Console\\Application->find('routes')
#1 /Applications/Ampps/www/php-oop/laravel-api/vendor/symfony/console/Application.php(140): Symfony\\Component\\Console\\Application->doRun(Object(Symfony\\Component\\Console\\Input\\ArgvInput), Object(Symfony\\Component\\Console\\Output\\ConsoleOutput))
#2 /Applications/Ampps/www/php-oop/laravel-api/vendor/laravel/framework/src/Illuminate/Console/Application.php(93): Symfony\\Component\\Console\\Application->run(Object(Symfony\\Component\\Console\\Input\\ArgvInput), Object(Symfony\\Component\\Console\\Output\\ConsoleOutput))
#3 /Applications/Ampps/www/php-oop/laravel-api/vendor/laravel/framework/src/Illuminate/Foundation/Console/Kernel.php(130): Illuminate\\Console\\Application->run(Object(Symfony\\Component\\Console\\Input\\ArgvInput), Object(Symfony\\Component\\Console\\Output\\ConsoleOutput))
#4 /Applications/Ampps/www/php-oop/laravel-api/artisan(37): Illuminate\\Foundation\\Console\\Kernel->handle(Object(Symfony\\Component\\Console\\Input\\ArgvInput), Object(Symfony\\Component\\Console\\Output\\ConsoleOutput))
#5 {main}
"} 
